<?xml version="1.0" encoding="utf-8"?>
<test-run id="2" testcasecount="1" result="Failed(Child)" total="1" passed="0" failed="1" inconclusive="0" skipped="0" asserts="0" engine-version="3.5.0.0" clr-version="4.0.30319.42000" start-time="2026-08-24 19:18:36Z" end-time="2026-08-24 19:18:36Z" duration="0.1014674">
  <test-suite type="TestSuite" id="1000" name="voxel" fullname="voxel" runstate="Runnable" testcasecount="1137" result="Failed" site="Child" start-time="2026-08-24 19:18:36Z" end-time="2026-08-24 19:18:36Z" duration="0.101467" total="1" passed="0" failed="1" inconclusive="0" skipped="0" asserts="0">
    <properties>
      <property name="platform" value="EditMode" />
    </properties>
    <failure>
      <message><![CDATA[One or more child tests had errors]]></message>
    </failure>
    <test-suite type="Assembly" id="2457" name="VoxelEngine.Tests.EditMode.dll" fullname="/Users/jlashmet/code/voxel/Library/ScriptAssemblies/VoxelEngine.Tests.EditMode.dll" runstate="Runnable" testcasecount="806" result="Failed" site="Child" start-time="2026-08-24 19:18:36Z" end-time="2026-08-24 19:18:36Z" duration="0.089890" total="1" passed="0" failed="1" inconclusive="0" skipped="0" asserts="0">
      <properties>
        <property name="_PID" value="3825" />
        <property name="_APPDOMAIN" value="Unity Child Domain" />
        <property name="platform" value="EditMode" />
        <property name="EditorOnly" value="True" />
      </properties>
      <failure>
        <message><![CDATA[One or more child tests had errors]]></message>
      </failure>
      <test-suite type="TestSuite" id="2458" name="VoxelEngine" fullname="VoxelEngine" runstate="Runnable" testcasecount="806" result="Failed" site="Child" start-time="2026-08-24 19:18:36Z" end-time="2026-08-24 19:18:36Z" duration="0.083966" total="1" passed="0" failed="1" inconclusive="0" skipped="0" asserts="0">
        <properties />
        <failure>
          <message><![CDATA[One or more child tests had errors]]></message>
        </failure>
        <test-suite type="TestSuite" id="2459" name="Tests" fullname="VoxelEngine.Tests" runstate="Runnable" testcasecount="806" result="Failed" site="Child" start-time="2026-08-24 19:18:36Z" end-time="2026-08-24 19:18:36Z" duration="0.078131" total="1" passed="0" failed="1" inconclusive="0" skipped="0" asserts="0">
          <properties />
          <failure>
            <message><![CDATA[One or more child tests had errors]]></message>
          </failure>
          <test-suite type="TestSuite" id="2460" name="EditMode" fullname="VoxelEngine.Tests.EditMode" runstate="Runnable" testcasecount="806" result="Failed" site="Child" start-time="2026-08-24 19:18:36Z" end-time="2026-08-24 19:18:36Z" duration="0.072196" total="1" passed="0" failed="1" inconclusive="0" skipped="0" asserts="0">
            <properties />
            <failure>
              <message><![CDATA[One or more child tests had errors]]></message>
            </failure>
            <test-suite type="TestFixture" id="2357" name="TwoTownWorldTests" fullname="VoxelEngine.Tests.EditMode.TwoTownWorldTests" classname="VoxelEngine.Tests.EditMode.TwoTownWorldTests" runstate="Runnable" testcasecount="9" result="Failed" site="Child" start-time="2026-08-24 19:18:36Z" end-time="2026-08-24 19:18:36Z" duration="0.060088" total="1" passed="0" failed="1" inconclusive="0" skipped="0" asserts="0">
              <properties />
              <failure>
                <message><![CDATA[One or more child tests had errors]]></message>
              </failure>
              <test-case id="2363" name="HightownVoxelCatalogueDoesNotEmitSouthOfTheCountryMidpoint" fullname="VoxelEngine.Tests.EditMode.TwoTownWorldTests.HightownVoxelCatalogueDoesNotEmitSouthOfTheCountryMidpoint" methodname="HightownVoxelCatalogueDoesNotEmitSouthOfTheCountryMidpoint" classname="VoxelEngine.Tests.EditMode.TwoTownWorldTests" runstate="Runnable" seed="1812797854" result="Failed" start-time="2026-08-24 19:18:36Z" end-time="2026-08-24 19:18:36Z" duration="0.054403" asserts="0">
                <properties>
                  <property name="retryIteration" value="0" />
                  <property name="repeatIteration" value="0" />
                </properties>
                <failure>
                  <message><![CDATA[  A Hightown-only catalogue emitted placements on Kentridge's side of the country midpoint: kentridge-district-terrace-lower-residential-main@int3(584, 184, 864); kentridge-district-terrace-lower-residential-east@int3(1424, 184, 814); kentridge-district-terrace-lower-middle@int3(926, 203, 596); kentridge-district-terrace-working-yard@int3(1436, 203, 516); kentridge-district-terrace-market-main@int3(608, 205, 368); kentridge-district-terrace-market-rebecca@int3(1168, 203, 278); kentridge-district-terrace-upper-shoulder@int3(828, 207, 168); kentridge-district-terrace-civic-summit@int3(848, 206, -32); kentridge-district-terrace-noble-ridge@int3(1418, 203, 18); kentridge-district-retaining-market-main@int3(608, 205, 368); kentridge-district-retaining-market-rebecca@int3(1168, 203, 278); kentridge-district-retaining-upper-shoulder@int3(828, 207, 168); kentridge-district-retaining-civic-summit@int3(848, 206, -32); kentridge-district-retaining-noble-ridge@int3(1418, 203, 18); kentridge-terrace-surface-lower-residential-main@int3(584, 176, 864); kentridge-terrace-surface-lower-residential-east@int3(1424, 176, 814); kentridge-terrace-surface-lower-middle@int3(926, 195, 596); kentridge-terrace-surface-working-yard@int3(1436, 195, 516); kentridge-terrace-surface-market-main@int3(608, 197, 368); kentridge-terrace-surface-market-rebecca@int3(1168, 195, 278); kentridge-terrace-surface-upper-shoulder@int3(828, 199, 168); kentridge-terrace-surface-civic-summit@int3(848, 198, -32); kentridge-terrace-surface-noble-ridge@int3(1418, 196, 18); kentridge-procession-market-to-upper-rise@int3(1142, 247, 375); kentridge-procession-upper-landing@int3(1122, 287, 320); kentridge-procession-upper-to-civic-gate-rise@int3(1142, 287, 280); kentridge-procession-civic-gate@int3(1120, 312, 240); kentridge-procession-gate-to-upper-civic-rise@int3(1142, 312, 190); kentridge-procession-final-crown-rise@int3(1142, 342, 150); kentridge-urban-connector-upper-east-contour@int3(1198, 200, 320); kentridge-urban-connector-lower-west-stair-street@int3(1114, 179, 590); kentridge-urban-connector-west-upper-stair-street@int3(799, 208, 340); kentridge-urban-connector-west-upper-contour@int3(810, 207, 329); kentridge-stair-south-rise@int3(1147, 192, 760); kentridge-stair-lower-market-rise@int3(1147, 217, 620); kentridge-stair-market-upper-rise@int3(1147, 252, 300); kentridge-stair-civic-rise@int3(1147, 304, 160); kentridge-infrastructure-market-retaining-west@int3(700, 218, 678); kentridge-infrastructure-upper-retaining-west@int3(910, 254, 418); kentridge-infrastructure-civic-retaining-west@int3(930, 318, 218); kentridge-infrastructure-civic-retaining-east@int3(1210, 318, 218); kentridge-infrastructure-civic-campanile@int3(922, 362, 40); kentridge-sidewalk-main-west@int3(1132, 0, 150); kentridge-sidewalk-main-east@int3(1196, 0, 150); kentridge-sidewalk-market-south@int3(470, 0, 486); kentridge-sidewalk-market-north@int3(470, 0, 542); kentridge-sidewalk-residential-south@int3(470, 0, 868); kentridge-sidewalk-residential-north@int3(470, 0, 920); kentridge-sidewalk-east-service-west@int3(1462, 0, 340); kentridge-sidewalk-east-service-east@int3(1506, 0, 340); kentridge-civic-crown-forecourt@int3(1118, 360, 106); kentridge-street-lamp@int3(1132, 362, 95); kentridge-street-lamp@int3(1200, 362, 95); kentridge-street-lamp@int3(1132, 317, 275); kentridge-street-lamp@int3(1200, 317, 275); kentridge-street-lamp@int3(1132, 232, 700); kentridge-street-lamp@int3(1200, 232, 700); kentridge-street-lamp@int3(1132, 200, 850); kentridge-street-lamp@int3(1200, 200, 850); kentridge-street-lamp@int3(1132, 192, 1015); kentridge-street-lamp@int3(1200, 192, 1015); kentridge-street-lamp@int3(748, 252, 481); kentridge-street-lamp@int3(748, 252, 549); kentridge-street-lamp@int3(905, 252, 481); kentridge-street-lamp@int3(905, 252, 549); kentridge-street-lamp@int3(1030, 252, 481); kentridge-street-lamp@int3(1030, 252, 549); kentridge-street-lamp@int3(1350, 252, 481); kentridge-street-lamp@int3(1350, 252, 549); kentridge-street-lamp@int3(1530, 252, 481); kentridge-street-lamp@int3(1530, 252, 549); kentridge-street-lamp@int3(690, 192, 927); kentridge-street-lamp@int3(865, 192, 927); kentridge-street-lamp@int3(1060, 192, 927); kentridge-street-lamp@int3(1280, 192, 927); kentridge-street-bench@int3(920, 362, 120); kentridge-street-bench@int3(1360, 362, 120); kentridge-street-bench@int3(760, 200, 855); kentridge-street-planter@int3(755, 252, 548); kentridge-street-planter@int3(895, 252, 548); kentridge-street-planter@int3(1035, 252, 548); kentridge-lower-west-neighbourhood-court@int3(714, 190, 982); kentridge-market-lower-block-court@int3(718, 250, 704); kentridge-upper-west-block-court@int3(876, 290, 452); kentridge-upper-east-block-court@int3(1256, 290, 452); kentridge-civic-west-block-court@int3(928, 360, 254); kentridge-civic-east-block-court@int3(1268, 360, 246); kentridge-noble-ridge-block-court@int3(1520, 330, 412); kentridge-working-lane-block-court@int3(1324, 230, 674); kentridge-vertical-0@int3(690, 211, 766); kentridge-vertical-1@int3(850, 249, 502); kentridge-vertical-2@int3(1230, 249, 502); kentridge-vertical-3@int3(900, 315, 306); kentridge-vertical-4@int3(1240, 315, 298); kentridge-vertical-5@int3(1490, 289, 480); kentridge-fabric-0@int3(698, 174, 950); kentridge-fabric-1@int3(788, 174, 951); kentridge-fabric-2@int3(909, 174, 950); kentridge-fabric-3@int3(999, 174, 951); kentridge-fabric-4@int3(679, 174, 967); kentridge-fabric-5@int3(686, 196, 668); kentridge-fabric-6@int3(751, 196, 665); kentridge-fabric-7@int3(815, 196, 667); kentridge-fabric-8@int3(912, 196, 668); kentridge-fabric-9@int3(977, 196, 668); kentridge-fabric-10@int3(1041, 196, 666); kentridge-fabric-11@int3(682, 196, 667); kentridge-fabric-12@int3(680, 196, 721); kentridge-fabric-13@int3(843, 236, 417); kentridge-fabric-14@int3(902, 236, 416); kentridge-fabric-15@int3(985, 236, 418); kentridge-fabric-16@int3(1044, 236, 416); kentridge-fabric-17@int3(842, 236, 413); kentridge-fabric-18@int3(840, 236, 460); kentridge-fabric-19@int3(1230, 236, 419); kentridge-fabric-20@int3(1327, 236, 419); kentridge-fabric-21@int3(1337, 236, 437); kentridge-fabric-22@int3(887, 306, 219); kentridge-fabric-23@int3(933, 306, 218); kentridge-fabric-24@int3(1004, 306, 219); kentridge-fabric-25@int3(1050, 306, 216); kentridge-fabric-26@int3(891, 306, 215); kentridge-fabric-27@int3(891, 306, 265); kentridge-fabric-28@int3(1236, 306, 211); kentridge-fabric-29@int3(1321, 306, 210); kentridge-fabric-30@int3(1326, 306, 207); kentridge-fabric-31@int3(1327, 306, 257); kentridge-fabric-32@int3(1490, 276, 375); kentridge-fabric-33@int3(1562, 276, 374); kentridge-fabric-34@int3(1666, 276, 375); kentridge-fabric-35@int3(1738, 276, 375); kentridge-fabric-36@int3(1747, 276, 375); kentridge-fabric-37@int3(1746, 276, 434); kentridge-fabric-38@int3(1297, 214, 642); kentridge-fabric-39@int3(1391, 214, 643); kentridge-fabric-40@int3(1397, 214, 656); kentridge-fabric-41@int3(1396, 214, 741); kentridge-gallery-market-lower-block-downhill-gallery@int3(690, 201, 784); kentridge-gallery-upper-west-block-downhill-gallery@int3(850, 241, 520); kentridge-gallery-upper-east-block-downhill-gallery@int3(1230, 241, 520); kentridge-gallery-civic-west-block-downhill-gallery@int3(900, 311, 326); kentridge-gallery-civic-east-block-downhill-gallery@int3(1240, 311, 318); kentridge-upper-court-skybridge@int3(1088, 292, 451); kentridge-access-lower-west-neighbourhood-access@int3(680, 179, 948); kentridge-access-market-lower-block-access@int3(680, 201, 666); kentridge-access-upper-west-block-access@int3(840, 241, 416); kentridge-access-upper-east-block-access@int3(1230, 241, 416); kentridge-access-civic-west-block-access@int3(890, 311, 216); kentridge-access-civic-east-block-access@int3(1240, 311, 208); kentridge-access-noble-ridge-block-access@int3(1490, 281, 372); kentridge-access-working-lane-block-access@int3(1300, 219, 640); kentridge-infrastructure-terrace-dwelling@int3(720, 196, 676); kentridge-infrastructure-terrace-dwelling@int3(860, 196, 676); kentridge-infrastructure-terrace-dwelling@int3(1000, 196, 676); kentridge-infrastructure-terrace-dwelling@int3(870, 236, 426); kentridge-infrastructure-terrace-dwelling@int3(930, 306, 226); kentridge-infrastructure-terrace-dwelling@int3(1280, 306, 218); kentridge-infrastructure-terrace-dwelling@int3(1600, 276, 382); kentridge-infrastructure-civic-bridge@int3(1120, 317, 246); kentridge-infrastructure-retaining-gallery@int3(1000, 248, 426); kentridge-infrastructure-retaining-gallery@int3(1240, 248, 426); kentridge-infrastructure-retaining-gallery@int3(1010, 318, 226); kentridge-infrastructure-retaining-gallery@int3(1490, 288, 382); kentridge-infrastructure-retaining-gallery@int3(1680, 288, 382)
  Expected: <empty>
  But was:  < "kentridge-district-terrace-lower-residential-main@int3(584, 184, 864)", "kentridge-district-terrace-lower-residential-east@int3(1424, 184, 814)", "kentridge-district-terrace-lower-middle@int3(926, 203, 596)", "kentridge-district-terrace-working-yard@int3(1436, 203, 516)", "kentridge-district-terrace-market-main@int3(608, 205, 368)", "kentridge-district-terrace-market-rebecca@int3(1168, 203, 278)", "kentridge-district-terrace-upper-shoulder@int3(828, 207, 168)", "kentridge-district-terrace-civic-summit@int3(848, 206, -32)", "kentridge-district-terrace-noble-ridge@int3(1418, 203, 18)", "kentridge-district-retaining-market-main@int3(608, 205, 368)"... >
]]></message>
                  <stack-trace><![CDATA[at VoxelEngine.Tests.EditMode.TwoTownWorldTests.HightownVoxelCatalogueDoesNotEmitSouthOfTheCountryMidpoint () [0x0010b] in /Users/jlashmet/code/voxel/Assets/Tests/EditMode/TwoTownWorldTests.cs:170
]]></stack-trace>
                </failure>
                <output><![CDATA[<b><color=#2EA3FF>MCP-FOR-UNITY</color></b>: [TestRunnerNoThrottle] Restored Interaction Mode after test run.
Saving results to: /Users/jlashmet/Library/Application Support/DefaultCompany/voxel/TestResults.xml
]]></output>
              </test-case>
            </test-suite>
          </test-suite>
        </test-suite>
      </test-suite>
    </test-suite>
  </test-suite>
</test-run>