<?xml version="1.0" encoding="utf-8"?>
<test-run id="2" testcasecount="1" result="Failed(Child)" total="1" passed="0" failed="1" inconclusive="0" skipped="0" asserts="0" engine-version="3.5.0.0" clr-version="4.0.30319.42000" start-time="2026-08-24 19:15:33Z" end-time="2026-08-24 19:16:35Z" duration="61.3699418">
  <test-suite type="TestSuite" id="1554" name="voxel" fullname="voxel" runstate="Runnable" testcasecount="402" result="Failed" site="Child" start-time="2026-08-24 19:15:33Z" end-time="2026-08-24 19:16:35Z" duration="61.369942" total="1" passed="0" failed="1" inconclusive="0" skipped="0" asserts="0">
    <properties>
      <property name="platform" value="PlayMode" />
    </properties>
    <failure>
      <message><![CDATA[One or more child tests had errors]]></message>
    </failure>
    <test-suite type="Assembly" id="1550" name="VoxelEngine.Tests.PlayMode.dll" fullname="/Users/jlashmet/code/voxel/Library/ScriptAssemblies/VoxelEngine.Tests.PlayMode.dll" runstate="Runnable" testcasecount="165" result="Failed" site="Child" start-time="2026-08-24 19:15:33Z" end-time="2026-08-24 19:16:35Z" duration="61.363754" total="1" passed="0" failed="1" inconclusive="0" skipped="0" asserts="0">
      <properties>
        <property name="_PID" value="86476" />
        <property name="_APPDOMAIN" value="Unity Child Domain" />
        <property name="platform" value="PlayMode" />
        <property name="EditorOnly" value="False" />
      </properties>
      <failure>
        <message><![CDATA[One or more child tests had errors]]></message>
      </failure>
      <test-suite type="TestSuite" id="1551" name="VoxelEngine" fullname="VoxelEngine" runstate="Runnable" testcasecount="165" result="Failed" site="Child" start-time="2026-08-24 19:15:33Z" end-time="2026-08-24 19:16:35Z" duration="61.362803" total="1" passed="0" failed="1" inconclusive="0" skipped="0" asserts="0">
        <properties />
        <failure>
          <message><![CDATA[One or more child tests had errors]]></message>
        </failure>
        <test-suite type="TestSuite" id="1552" name="Tests" fullname="VoxelEngine.Tests" runstate="Runnable" testcasecount="165" result="Failed" site="Child" start-time="2026-08-24 19:15:33Z" end-time="2026-08-24 19:16:35Z" duration="61.361912" total="1" passed="0" failed="1" inconclusive="0" skipped="0" asserts="0">
          <properties />
          <failure>
            <message><![CDATA[One or more child tests had errors]]></message>
          </failure>
          <test-suite type="TestSuite" id="1553" name="PlayMode" fullname="VoxelEngine.Tests.PlayMode" runstate="Runnable" testcasecount="165" result="Failed" site="Child" start-time="2026-08-24 19:15:33Z" end-time="2026-08-24 19:16:35Z" duration="61.360989" total="1" passed="0" failed="1" inconclusive="0" skipped="0" asserts="0">
            <properties />
            <failure>
              <message><![CDATA[One or more child tests had errors]]></message>
            </failure>
            <test-suite type="TestFixture" id="1429" name="KentridgePubExitPlayTests" fullname="VoxelEngine.Tests.PlayMode.KentridgePubExitPlayTests" classname="VoxelEngine.Tests.PlayMode.KentridgePubExitPlayTests" runstate="Runnable" testcasecount="2" result="Failed" site="Child" start-time="2026-08-24 19:15:33Z" end-time="2026-08-24 19:16:35Z" duration="61.357338" total="1" passed="0" failed="1" inconclusive="0" skipped="0" asserts="0">
              <properties />
              <failure>
                <message><![CDATA[One or more child tests had errors]]></message>
              </failure>
              <test-case id="1431" name="ProductionCatalogueCompositionLeavesOpeningTorsoVoxelClear" fullname="VoxelEngine.Tests.PlayMode.KentridgePubExitPlayTests.ProductionCatalogueCompositionLeavesOpeningTorsoVoxelClear" methodname="ProductionCatalogueCompositionLeavesOpeningTorsoVoxelClear" classname="VoxelEngine.Tests.PlayMode.KentridgePubExitPlayTests" runstate="Runnable" seed="596166949" result="Failed" start-time="2026-08-24 19:15:33Z" end-time="2026-08-24 19:16:35Z" duration="61.352960" asserts="0">
                <properties>
                  <property name="retryIteration" value="0" />
                  <property name="repeatIteration" value="0" />
                </properties>
                <failure>
                  <message><![CDATA[  The production two-town/corridor catalogue must not author solid occupancy inside the opening cast. KENTRIDGE_TORSO_COMPOSITION voxel=int3(1339, 231, 757) k=0 kh=6 kc=0 khc=6 contributors=kentridge-district-terrace-lower-middle/precedence=15/mode=Carve/material=0/order=0/placement=int3(926, 203, 596)|kentridge-district-terrace-lower-middle/precedence=15/mode=PaintSurface/material=13/order=26/placement=int3(926, 203, 596)|kentridge-district-terrace-market-main/precedence=15/mode=Carve/material=0/order=9/placement=int3(608, 205, 368)|kentridge-district-terrace-market-main/precedence=15/mode=PaintSurface/material=13/order=31/placement=int3(608, 205, 368)|kentridge-terrace-surface-lower-middle/precedence=16/mode=PaintSolid/material=6/order=0/placement=int3(926, 195, 596)|kentridge-terrace-surface-lower-middle/precedence=16/mode=PaintSurface/material=14/order=1/placement=int3(926, 195, 596)|kentridge-terrace-surface-market-main/precedence=16/mode=PaintSolid/material=6/order=0/placement=int3(608, 197, 368)|kentridge-terrace-surface-market-main/precedence=16/mode=PaintSurface/material=14/order=1/placement=int3(608, 197, 368)|kentridge-working-lane-block-court/precedence=85/mode=Fill/material=6/order=0/placement=int3(1324, 230, 674)
  Expected: 0
  But was:  6
]]></message>
                  <stack-trace><![CDATA[at VoxelEngine.Tests.PlayMode.KentridgePubExitPlayTests.ProductionCatalogueCompositionLeavesOpeningTorsoVoxelClear () [0x001bd] in /Users/jlashmet/code/voxel/Assets/Tests/PlayMode/KentridgePubExitPlayTests.cs:269
]]></stack-trace>
                </failure>
                <output><![CDATA[KENTRIDGE_TORSO_COMPOSITION voxel=int3(1339, 231, 757) k=0 kh=6 kc=0 khc=6 contributors=kentridge-district-terrace-lower-middle/precedence=15/mode=Carve/material=0/order=0/placement=int3(926, 203, 596)|kentridge-district-terrace-lower-middle/precedence=15/mode=PaintSurface/material=13/order=26/placement=int3(926, 203, 596)|kentridge-district-terrace-market-main/precedence=15/mode=Carve/material=0/order=9/placement=int3(608, 205, 368)|kentridge-district-terrace-market-main/precedence=15/mode=PaintSurface/material=13/order=31/placement=int3(608, 205, 368)|kentridge-terrace-surface-lower-middle/precedence=16/mode=PaintSolid/material=6/order=0/placement=int3(926, 195, 596)|kentridge-terrace-surface-lower-middle/precedence=16/mode=PaintSurface/material=14/order=1/placement=int3(926, 195, 596)|kentridge-terrace-surface-market-main/precedence=16/mode=PaintSolid/material=6/order=0/placement=int3(608, 197, 368)|kentridge-terrace-surface-market-main/precedence=16/mode=PaintSurface/material=14/order=1/placement=int3(608, 197, 368)|kentridge-working-lane-block-court/precedence=85/mode=Fill/material=6/order=0/placement=int3(1324, 230, 674)
<b><color=#2EA3FF>MCP-FOR-UNITY</color></b>: [TestRunnerNoThrottle] Restored Interaction Mode after test run.
Saving results to: /Users/jlashmet/Library/Application Support/DefaultCompany/voxel/TestResults.xml
]]></output>
              </test-case>
            </test-suite>
          </test-suite>
        </test-suite>
      </test-suite>
    </test-suite>
  </test-suite>
</test-run>