<?xml version="1.0" encoding="utf-8"?>
<test-run id="2" testcasecount="1" result="Passed" total="1" passed="1" failed="0" inconclusive="0" skipped="0" asserts="0" engine-version="3.5.0.0" clr-version="4.0.30319.42000" start-time="2026-08-24 19:25:54Z" end-time="2026-08-24 19:26:19Z" duration="24.9066683">
  <test-suite type="TestSuite" id="1555" name="voxel" fullname="voxel" runstate="Runnable" testcasecount="403" result="Passed" start-time="2026-08-24 19:25:54Z" end-time="2026-08-24 19:26:19Z" duration="24.906668" total="1" passed="1" failed="0" inconclusive="0" skipped="0" asserts="0">
    <properties>
      <property name="platform" value="PlayMode" />
    </properties>
    <test-suite type="Assembly" id="1551" name="VoxelEngine.Tests.PlayMode.dll" fullname="/Users/jlashmet/code/voxel/Library/ScriptAssemblies/VoxelEngine.Tests.PlayMode.dll" runstate="Runnable" testcasecount="166" result="Passed" start-time="2026-08-24 19:25:54Z" end-time="2026-08-24 19:26:19Z" duration="24.900614" total="1" passed="1" failed="0" inconclusive="0" skipped="0" asserts="0">
      <properties>
        <property name="_PID" value="21849" />
        <property name="_APPDOMAIN" value="Unity Child Domain" />
        <property name="platform" value="PlayMode" />
        <property name="EditorOnly" value="False" />
      </properties>
      <test-suite type="TestSuite" id="1552" name="VoxelEngine" fullname="VoxelEngine" runstate="Runnable" testcasecount="166" result="Passed" start-time="2026-08-24 19:25:54Z" end-time="2026-08-24 19:26:19Z" duration="24.899730" total="1" passed="1" failed="0" inconclusive="0" skipped="0" asserts="0">
        <properties />
        <test-suite type="TestSuite" id="1553" name="Tests" fullname="VoxelEngine.Tests" runstate="Runnable" testcasecount="166" result="Passed" start-time="2026-08-24 19:25:54Z" end-time="2026-08-24 19:26:19Z" duration="24.898959" total="1" passed="1" failed="0" inconclusive="0" skipped="0" asserts="0">
          <properties />
          <test-suite type="TestSuite" id="1554" name="PlayMode" fullname="VoxelEngine.Tests.PlayMode" runstate="Runnable" testcasecount="166" result="Passed" start-time="2026-08-24 19:25:54Z" end-time="2026-08-24 19:26:19Z" duration="24.898250" total="1" passed="1" failed="0" inconclusive="0" skipped="0" asserts="0">
            <properties />
            <test-suite type="TestFixture" id="1414" name="KentridgeOpeningCameraReadabilityTests" fullname="VoxelEngine.Tests.PlayMode.KentridgeOpeningCameraReadabilityTests" classname="VoxelEngine.Tests.PlayMode.KentridgeOpeningCameraReadabilityTests" runstate="Runnable" testcasecount="2" result="Passed" start-time="2026-08-24 19:25:54Z" end-time="2026-08-24 19:26:19Z" duration="24.894677" total="1" passed="1" failed="0" inconclusive="0" skipped="0" asserts="0">
              <properties />
              <test-case id="1416" name="CapturedOpeningCameraHasAuthoritativeLineOfSightToInitialCast" fullname="VoxelEngine.Tests.PlayMode.KentridgeOpeningCameraReadabilityTests.CapturedOpeningCameraHasAuthoritativeLineOfSightToInitialCast" methodname="CapturedOpeningCameraHasAuthoritativeLineOfSightToInitialCast" classname="VoxelEngine.Tests.PlayMode.KentridgeOpeningCameraReadabilityTests" runstate="Runnable" seed="532919915" result="Passed" start-time="2026-08-24 19:25:54Z" end-time="2026-08-24 19:26:19Z" duration="24.890023" asserts="0">
                <properties>
                  <property name="_JOINTYPE" value="UnityCombinatorial" />
                  <property name="retryIteration" value="0" />
                  <property name="repeatIteration" value="0" />
                </properties>
                <output><![CDATA[Kentridge region life: 823 trees, 3435 ground cover, 32 wildlife clusters.
SCENEISSUE camera pinned at (137.20, 29.50, 74.80) fov=58
[VoxelResidency] residentRegions=16 mixed=71,124/262,144 evicted=0 reclaimedMixed=0
<b><color=#2EA3FF>MCP-FOR-UNITY</color></b>: [TestRunnerNoThrottle] Restored Interaction Mode after test run.
Saving results to: /Users/jlashmet/Library/Application Support/DefaultCompany/voxel/TestResults.xml
]]></output>
              </test-case>
            </test-suite>
          </test-suite>
        </test-suite>
      </test-suite>
    </test-suite>
  </test-suite>
</test-run>