<?xml version="1.0" encoding="utf-8"?>
<test-run id="2" testcasecount="1" result="Failed(Child)" total="1" passed="0" failed="1" inconclusive="0" skipped="0" asserts="0" engine-version="3.5.0.0" clr-version="4.0.30319.42000" start-time="2026-08-24 19:04:54Z" end-time="2026-08-24 19:05:06Z" duration="11.9311469">
  <test-suite type="TestSuite" id="1553" name="voxel" fullname="voxel" runstate="Runnable" testcasecount="401" result="Failed" site="Child" start-time="2026-08-24 19:04:54Z" end-time="2026-08-24 19:05:06Z" duration="11.931147" total="1" passed="0" failed="1" inconclusive="0" skipped="0" asserts="0">
    <properties>
      <property name="platform" value="PlayMode" />
    </properties>
    <failure>
      <message><![CDATA[One or more child tests had errors]]></message>
    </failure>
    <test-suite type="Assembly" id="1549" name="VoxelEngine.Tests.PlayMode.dll" fullname="/Users/jlashmet/code/voxel/Library/ScriptAssemblies/VoxelEngine.Tests.PlayMode.dll" runstate="Runnable" testcasecount="164" result="Failed" site="Child" start-time="2026-08-24 19:04:54Z" end-time="2026-08-24 19:05:06Z" duration="11.924666" total="1" passed="0" failed="1" inconclusive="0" skipped="0" asserts="0">
      <properties>
        <property name="_PID" value="37791" />
        <property name="_APPDOMAIN" value="Unity Child Domain" />
        <property name="platform" value="PlayMode" />
        <property name="EditorOnly" value="False" />
      </properties>
      <failure>
        <message><![CDATA[One or more child tests had errors]]></message>
      </failure>
      <test-suite type="TestSuite" id="1550" name="VoxelEngine" fullname="VoxelEngine" runstate="Runnable" testcasecount="164" result="Failed" site="Child" start-time="2026-08-24 19:04:54Z" end-time="2026-08-24 19:05:06Z" duration="11.923606" total="1" passed="0" failed="1" inconclusive="0" skipped="0" asserts="0">
        <properties />
        <failure>
          <message><![CDATA[One or more child tests had errors]]></message>
        </failure>
        <test-suite type="TestSuite" id="1551" name="Tests" fullname="VoxelEngine.Tests" runstate="Runnable" testcasecount="164" result="Failed" site="Child" start-time="2026-08-24 19:04:54Z" end-time="2026-08-24 19:05:06Z" duration="11.922603" total="1" passed="0" failed="1" inconclusive="0" skipped="0" asserts="0">
          <properties />
          <failure>
            <message><![CDATA[One or more child tests had errors]]></message>
          </failure>
          <test-suite type="TestSuite" id="1552" name="PlayMode" fullname="VoxelEngine.Tests.PlayMode" runstate="Runnable" testcasecount="164" result="Failed" site="Child" start-time="2026-08-24 19:04:54Z" end-time="2026-08-24 19:05:06Z" duration="11.921518" total="1" passed="0" failed="1" inconclusive="0" skipped="0" asserts="0">
            <properties />
            <failure>
              <message><![CDATA[One or more child tests had errors]]></message>
            </failure>
            <test-suite type="TestFixture" id="1429" name="KentridgePubExitPlayTests" fullname="VoxelEngine.Tests.PlayMode.KentridgePubExitPlayTests" classname="VoxelEngine.Tests.PlayMode.KentridgePubExitPlayTests" runstate="Runnable" testcasecount="1" result="Failed" site="Child" start-time="2026-08-24 19:04:54Z" end-time="2026-08-24 19:05:06Z" duration="11.917341" total="1" passed="0" failed="1" inconclusive="0" skipped="0" asserts="0">
              <properties />
              <failure>
                <message><![CDATA[One or more child tests had errors]]></message>
              </failure>
              <test-case id="1430" name="NewGame_StartsInKentridgePub_PlaysIntro_ThenPlayerCanWalkThroughDoorIntoTown" fullname="VoxelEngine.Tests.PlayMode.KentridgePubExitPlayTests.NewGame_StartsInKentridgePub_PlaysIntro_ThenPlayerCanWalkThroughDoorIntoTown" methodname="NewGame_StartsInKentridgePub_PlaysIntro_ThenPlayerCanWalkThroughDoorIntoTown" classname="VoxelEngine.Tests.PlayMode.KentridgePubExitPlayTests" runstate="Runnable" seed="955603817" result="Failed" start-time="2026-08-24 19:04:54Z" end-time="2026-08-24 19:05:06Z" duration="11.912599" asserts="0">
                <properties>
                  <property name="retryIteration" value="0" />
                  <property name="repeatIteration" value="0" />
                </properties>
                <failure>
                  <message><![CDATA[  Voxel collision blocked the player from crossing the generated Kentridge pub doorway.
  Expected: True
  But was:  False
]]></message>
                  <stack-trace><![CDATA[at VoxelEngine.Tests.PlayMode.KentridgePubExitPlayTests.NewGame_StartsInKentridgePub_PlaysIntro_ThenPlayerCanWalkThroughDoorIntoTown () [0x003bb] in /Users/jlashmet/code/voxel/Assets/Tests/PlayMode/KentridgePubExitPlayTests.cs:210
]]></stack-trace>
                </failure>
                <output><![CDATA[<b><color=#2EA3FF>MCP-FOR-UNITY</color></b>: [TestRunnerNoThrottle] Restored Interaction Mode after test run.
Saving results to: /Users/jlashmet/Library/Application Support/DefaultCompany/voxel/TestResults.xml
]]></output>
              </test-case>
            </test-suite>
          </test-suite>
        </test-suite>
      </test-suite>
    </test-suite>
  </test-suite>
</test-run>