<?xml version="1.0" encoding="utf-8"?>
<test-run id="2" testcasecount="382" result="Failed(Child)" total="382" passed="369" failed="13" inconclusive="0" skipped="0" asserts="0" engine-version="3.5.0.0" clr-version="4.0.30319.42000" start-time="2026-08-15 09:47:19Z" end-time="2026-08-15 09:47:24Z" duration="4.8126815">
  <test-suite type="TestSuite" id="1000" name="voxel" fullname="voxel" runstate="Runnable" testcasecount="382" result="Failed" site="Child" start-time="2026-08-15 09:47:19Z" end-time="2026-08-15 09:47:24Z" duration="4.812682" total="382" passed="369" failed="13" inconclusive="0" skipped="0" asserts="0">
    <properties>
      <property name="platform" value="EditMode" />
    </properties>
    <failure>
      <message><![CDATA[One or more child tests had errors]]></message>
    </failure>
    <test-suite type="Assembly" id="1053" name="MountingForce.CombatPrototype.Tests.PlayMode.dll" fullname="/Users/jlashmet/tmp/_work/voxel/voxel/Library/ScriptAssemblies/MountingForce.CombatPrototype.Tests.PlayMode.dll" runstate="Runnable" testcasecount="41" result="Failed" site="Child" start-time="2026-08-15 09:47:19Z" end-time="2026-08-15 09:47:19Z" duration="0.080566" total="41" passed="33" failed="8" inconclusive="0" skipped="0" asserts="0">
      <properties>
        <property name="_PID" value="83973" />
        <property name="_APPDOMAIN" value="Unity Child Domain" />
        <property name="platform" value="EditMode" />
        <property name="EditorOnly" value="True" />
      </properties>
      <failure>
        <message><![CDATA[One or more child tests had errors]]></message>
      </failure>
      <test-suite type="TestSuite" id="1054" name="VoxelEngine" fullname="VoxelEngine" runstate="Runnable" testcasecount="41" result="Failed" site="Child" start-time="2026-08-15 09:47:19Z" end-time="2026-08-15 09:47:19Z" duration="0.080447" total="41" passed="33" failed="8" inconclusive="0" skipped="0" asserts="0">
        <properties />
        <failure>
          <message><![CDATA[One or more child tests had errors]]></message>
        </failure>
        <test-suite type="TestSuite" id="1055" name="Tests" fullname="VoxelEngine.Tests" runstate="Runnable" testcasecount="41" result="Failed" site="Child" start-time="2026-08-15 09:47:19Z" end-time="2026-08-15 09:47:19Z" duration="0.080335" total="41" passed="33" failed="8" inconclusive="0" skipped="0" asserts="0">
          <properties />
          <failure>
            <message><![CDATA[One or more child tests had errors]]></message>
          </failure>
          <test-suite type="TestSuite" id="1056" name="PlayMode" fullname="VoxelEngine.Tests.PlayMode" runstate="Runnable" testcasecount="41" result="Failed" site="Child" start-time="2026-08-15 09:47:19Z" end-time="2026-08-15 09:47:19Z" duration="0.080209" total="41" passed="33" failed="8" inconclusive="0" skipped="0" asserts="0">
            <properties />
            <failure>
              <message><![CDATA[One or more child tests had errors]]></message>
            </failure>
            <test-suite type="TestFixture" id="1002" name="ChainCombatActivationV5Tests" fullname="VoxelEngine.Tests.PlayMode.ChainCombatActivationV5Tests" classname="VoxelEngine.Tests.PlayMode.ChainCombatActivationV5Tests" runstate="Runnable" testcasecount="4" result="Passed" start-time="2026-08-15 09:47:19Z" end-time="2026-08-15 09:47:19Z" duration="0.018806" total="4" passed="4" failed="0" inconclusive="0" skipped="0" asserts="0">
              <properties />
              <test-case id="1003" name="ActiveRecruitGetsMoveAndActionInEitherOrder" fullname="VoxelEngine.Tests.PlayMode.ChainCombatActivationV5Tests.ActiveRecruitGetsMoveAndActionInEitherOrder" methodname="ActiveRecruitGetsMoveAndActionInEitherOrder" classname="VoxelEngine.Tests.PlayMode.ChainCombatActivationV5Tests" runstate="Runnable" seed="1176944168" result="Passed" start-time="2026-08-15 09:47:19Z" end-time="2026-08-15 09:47:19Z" duration="0.009364" asserts="0">
                <properties>
                  <property name="_JOINTYPE" value="UnityCombinatorial" />
                  <property name="retryIteration" value="0" />
                  <property name="repeatIteration" value="0" />
                </properties>
              </test-case>
              <test-case id="1004" name="BenchRecruitStillClaimsReactionAfterAnotherRecruitActivated" fullname="VoxelEngine.Tests.PlayMode.ChainCombatActivationV5Tests.BenchRecruitStillClaimsReactionAfterAnotherRecruitActivated" methodname="BenchRecruitStillClaimsReactionAfterAnotherRecruitActivated" classname="VoxelEngine.Tests.PlayMode.ChainCombatActivationV5Tests" runstate="Runnable" seed="1610668715" result="Passed" start-time="2026-08-15 09:47:19Z" end-time="2026-08-15 09:47:19Z" duration="0.000705" asserts="0">
                <properties>
                  <property name="_JOINTYPE" value="UnityCombinatorial" />
                  <property name="retryIteration" value="0" />
                  <property name="repeatIteration" value="0" />
                </properties>
              </test-case>
              <test-case id="1005" name="DifferentRecruitInSamePlayerGroupIsRejectedForProactivePlay" fullname="VoxelEngine.Tests.PlayMode.ChainCombatActivationV5Tests.DifferentRecruitInSamePlayerGroupIsRejectedForProactivePlay" methodname="DifferentRecruitInSamePlayerGroupIsRejectedForProactivePlay" classname="VoxelEngine.Tests.PlayMode.ChainCombatActivationV5Tests" runstate="Runnable" seed="1207107131" result="Passed" start-time="2026-08-15 09:47:19Z" end-time="2026-08-15 09:47:19Z" duration="0.001472" asserts="0">
                <properties>
                  <property name="_JOINTYPE" value="UnityCombinatorial" />
                  <property name="retryIteration" value="0" />
                  <property name="repeatIteration" value="0" />
                </properties>
              </test-case>
              <test-case id="1006" name="FailedAttemptDoesNotCommitActivationAndNewRoundClearsIt" fullname="VoxelEngine.Tests.PlayMode.ChainCombatActivationV5Tests.FailedAttemptDoesNotCommitActivationAndNewRoundClearsIt" methodname="FailedAttemptDoesNotCommitActivationAndNewRoundClearsIt" classname="VoxelEngine.Tests.PlayMode.ChainCombatActivationV5Tests" runstate="Runnable" seed="499386238" result="Passed" start-time="2026-08-15 09:47:19Z" end-time="2026-08-15 09:47:19Z" duration="0.000961" asserts="0">
                <properties>
                  <property name="_JOINTYPE" value="UnityCombinatorial" />
                  <property name="retryIteration" value="0" />
                  <property name="repeatIteration" value="0" />
                </properties>
              </test-case>
            </test-suite>
            <test-suite type="TestFixture" id="1007" name="ChainCombatEnemyAIV8Tests" fullname="VoxelEngine.Tests.PlayMode.ChainCombatEnemyAIV8Tests" classname="VoxelEngine.Tests.PlayMode.ChainCombatEnemyAIV8Tests" runstate="Runnable" testcasecount="5" result="Failed" site="Child" start-time="2026-08-15 09:47:19Z" end-time="2026-08-15 09:47:19Z" duration="0.016538" total="5" passed="4" failed="1" inconclusive="0" skipped="0" asserts="0">
              <properties />
              <failure>
                <message><![CDATA[One or more child tests had errors]]></message>
              </failure>
              <test-case id="1010" name="CommittedEnemyAttackCanBeDodgedAndDoesNotOmniscientlyRetarget" fullname="VoxelEngine.Tests.PlayMode.ChainCombatEnemyAIV8Tests.CommittedEnemyAttackCanBeDodgedAndDoesNotOmniscientlyRetarget" methodname="CommittedEnemyAttackCanBeDodgedAndDoesNotOmniscientlyRetarget" classname="VoxelEngine.Tests.PlayMode.ChainCombatEnemyAIV8Tests" runstate="Runnable" seed="1456344484" result="Passed" start-time="2026-08-15 09:47:19Z" end-time="2026-08-15 09:47:19Z" duration="0.003496" asserts="0">
                <properties>
                  <property name="_JOINTYPE" value="UnityCombinatorial" />
                  <property name="retryIteration" value="0" />
                  <property name="repeatIteration" value="0" />
                </properties>
              </test-case>
              <test-case id="1008" name="CurrentCascadeLabBootsWithEnemyAIStack" fullname="VoxelEngine.Tests.PlayMode.ChainCombatEnemyAIV8Tests.CurrentCascadeLabBootsWithEnemyAIStack" methodname="CurrentCascadeLabBootsWithEnemyAIStack" classname="VoxelEngine.Tests.PlayMode.ChainCombatEnemyAIV8Tests" runstate="Runnable" seed="562651508" result="Failed" start-time="2026-08-15 09:47:19Z" end-time="2026-08-15 09:47:19Z" duration="0.006590" asserts="0">
                <properties>
                  <property name="_JOINTYPE" value="UnityCombinatorial" />
                  <property name="retryIteration" value="0" />
                  <property name="repeatIteration" value="0" />
                </properties>
                <failure>
                  <message><![CDATA[  Expected: not null
  But was:  null
]]></message>
                  <stack-trace><![CDATA[at VoxelEngine.Tests.PlayMode.ChainCombatEnemyAIV8Tests+<CurrentCascadeLabBootsWithEnemyAIStack>d__0.MoveNext () [0x00091] in /Users/jlashmet/tmp/_work/voxel/voxel/Assets/Tests/CombatPrototype/PlayMode/ChainCombatEnemyAIV8Tests.cs:25
at UnityEngine.TestTools.TestEnumerator+<Execute>d__7.MoveNext () [0x0003a] in ./Library/PackageCache/com.unity.test-framework@1405238725ab/UnityEngine.TestRunner/NUnitExtensions/Attributes/TestEnumerator.cs:44
]]></stack-trace>
                </failure>
                <output><![CDATA[Can't add script behaviour 'ChainCombatLabController' because it is an editor script. To attach a script it needs to be outside the 'Editor' folder.
Can't add script behaviour 'ChainExecutionPlanner' because it is an editor script. To attach a script it needs to be outside the 'Editor' folder.
Can't add script behaviour 'ChainCombatActivationOverlay' because it is an editor script. To attach a script it needs to be outside the 'Editor' folder.
Can't add script behaviour 'ChainCombatEventMarker' because it is an editor script. To attach a script it needs to be outside the 'Editor' folder.
Can't add script behaviour 'ChainCombatMotionPlayback' because it is an editor script. To attach a script it needs to be outside the 'Editor' folder.
Can't add script behaviour 'ChainEnemyIntentOverlay' because it is an editor script. To attach a script it needs to be outside the 'Editor' folder.
]]></output>
              </test-case>
              <test-case id="1009" name="EnemyAIPlansFromBoardStateInsteadOfUsingAFixedScript" fullname="VoxelEngine.Tests.PlayMode.ChainCombatEnemyAIV8Tests.EnemyAIPlansFromBoardStateInsteadOfUsingAFixedScript" methodname="EnemyAIPlansFromBoardStateInsteadOfUsingAFixedScript" classname="VoxelEngine.Tests.PlayMode.ChainCombatEnemyAIV8Tests" runstate="Runnable" seed="310524685" result="Passed" start-time="2026-08-15 09:47:19Z" end-time="2026-08-15 09:47:19Z" duration="0.001005" asserts="0">
                <properties>
                  <property name="_JOINTYPE" value="UnityCombinatorial" />
                  <property name="retryIteration" value="0" />
                  <property name="repeatIteration" value="0" />
                </properties>
              </test-case>
              <test-case id="1012" name="GoblinPrefersShoveIntoTreeAndReadyGromCanTurnItIntoTimber" fullname="VoxelEngine.Tests.PlayMode.ChainCombatEnemyAIV8Tests.GoblinPrefersShoveIntoTreeAndReadyGromCanTurnItIntoTimber" methodname="GoblinPrefersShoveIntoTreeAndReadyGromCanTurnItIntoTimber" classname="VoxelEngine.Tests.PlayMode.ChainCombatEnemyAIV8Tests" runstate="Runnable" seed="2028264147" result="Passed" start-time="2026-08-15 09:47:19Z" end-time="2026-08-15 09:47:19Z" duration="0.002389" asserts="0">
                <properties>
                  <property name="_JOINTYPE" value="UnityCombinatorial" />
                  <property name="retryIteration" value="0" />
                  <property name="repeatIteration" value="0" />
                </properties>
              </test-case>
              <test-case id="1011" name="OgreChargeUsesNormalPhysicsAndPausesEnemyPhaseForPlayerReaction" fullname="VoxelEngine.Tests.PlayMode.ChainCombatEnemyAIV8Tests.OgreChargeUsesNormalPhysicsAndPausesEnemyPhaseForPlayerReaction" methodname="OgreChargeUsesNormalPhysicsAndPausesEnemyPhaseForPlayerReaction" classname="VoxelEngine.Tests.PlayMode.ChainCombatEnemyAIV8Tests" runstate="Runnable" seed="860619918" result="Passed" start-time="2026-08-15 09:47:19Z" end-time="2026-08-15 09:47:19Z" duration="0.001203" asserts="0">
                <properties>
                  <property name="_JOINTYPE" value="UnityCombinatorial" />
                  <property name="retryIteration" value="0" />
                  <property name="repeatIteration" value="0" />
                </properties>
              </test-case>
            </test-suite>
            <test-suite type="TestFixture" id="1013" name="ChainCombatExecutionPlanV9Tests" fullname="VoxelEngine.Tests.PlayMode.ChainCombatExecutionPlanV9Tests" classname="VoxelEngine.Tests.PlayMode.ChainCombatExecutionPlanV9Tests" runstate="Runnable" testcasecount="7" result="Failed" site="Child" start-time="2026-08-15 09:47:19Z" end-time="2026-08-15 09:47:19Z" duration="0.014891" total="7" passed="4" failed="3" inconclusive="0" skipped="0" asserts="0">
              <properties />
              <failure>
                <message><![CDATA[One or more child tests had errors]]></message>
              </failure>
              <test-case id="1020" name="BattleResetClearsSharedPlanHistoryAndGhostBackToStart" fullname="VoxelEngine.Tests.PlayMode.ChainCombatExecutionPlanV9Tests.BattleResetClearsSharedPlanHistoryAndGhostBackToStart" methodname="BattleResetClearsSharedPlanHistoryAndGhostBackToStart" classname="VoxelEngine.Tests.PlayMode.ChainCombatExecutionPlanV9Tests" runstate="Runnable" seed="320772449" result="Failed" label="Error" start-time="2026-08-15 09:47:19Z" end-time="2026-08-15 09:47:19Z" duration="0.002333" asserts="0">
                <properties>
                  <property name="_JOINTYPE" value="UnityCombinatorial" />
                  <property name="retryIteration" value="0" />
                  <property name="repeatIteration" value="0" />
                </properties>
                <failure>
                  <message><![CDATA[System.NullReferenceException : Object reference not set to an instance of an object]]></message>
                  <stack-trace><![CDATA[  at VoxelEngine.Tests.PlayMode.ChainCombatExecutionPlanV9Tests+<BattleResetClearsSharedPlanHistoryAndGhostBackToStart>d__6.MoveNext () [0x0006a] in /Users/jlashmet/tmp/_work/voxel/voxel/Assets/Tests/CombatPrototype/PlayMode/ChainCombatExecutionPlanV9Tests.cs:184 
  at UnityEngine.TestTools.TestEnumerator+<Execute>d__7.MoveNext () [0x0003a] in ./Library/PackageCache/com.unity.test-framework@1405238725ab/UnityEngine.TestRunner/NUnitExtensions/Attributes/TestEnumerator.cs:44 ]]></stack-trace>
                </failure>
                <output><![CDATA[Can't add script behaviour 'ChainCombatLabController' because it is an editor script. To attach a script it needs to be outside the 'Editor' folder.
Can't add script behaviour 'ChainExecutionPlanner' because it is an editor script. To attach a script it needs to be outside the 'Editor' folder.
]]></output>
              </test-case>
              <test-case id="1017" name="CompoundDragIsOneUndoableEdit" fullname="VoxelEngine.Tests.PlayMode.ChainCombatExecutionPlanV9Tests.CompoundDragIsOneUndoableEdit" methodname="CompoundDragIsOneUndoableEdit" classname="VoxelEngine.Tests.PlayMode.ChainCombatExecutionPlanV9Tests" runstate="Runnable" seed="690024043" result="Passed" start-time="2026-08-15 09:47:19Z" end-time="2026-08-15 09:47:19Z" duration="0.001541" asserts="0">
                <properties>
                  <property name="_JOINTYPE" value="UnityCombinatorial" />
                  <property name="retryIteration" value="0" />
                  <property name="repeatIteration" value="0" />
                </properties>
              </test-case>
              <test-case id="1015" name="DraggingRootKeepsItsReactionContinuationAttached" fullname="VoxelEngine.Tests.PlayMode.ChainCombatExecutionPlanV9Tests.DraggingRootKeepsItsReactionContinuationAttached" methodname="DraggingRootKeepsItsReactionContinuationAttached" classname="VoxelEngine.Tests.PlayMode.ChainCombatExecutionPlanV9Tests" runstate="Runnable" seed="1013348115" result="Passed" start-time="2026-08-15 09:47:19Z" end-time="2026-08-15 09:47:19Z" duration="0.000750" asserts="0">
                <properties>
                  <property name="_JOINTYPE" value="UnityCombinatorial" />
                  <property name="retryIteration" value="0" />
                  <property name="repeatIteration" value="0" />
                </properties>
              </test-case>
              <test-case id="1016" name="GhostCanPreviewFourPlayerAuthoredReactionChain" fullname="VoxelEngine.Tests.PlayMode.ChainCombatExecutionPlanV9Tests.GhostCanPreviewFourPlayerAuthoredReactionChain" methodname="GhostCanPreviewFourPlayerAuthoredReactionChain" classname="VoxelEngine.Tests.PlayMode.ChainCombatExecutionPlanV9Tests" runstate="Runnable" seed="922676242" result="Passed" start-time="2026-08-15 09:47:19Z" end-time="2026-08-15 09:47:19Z" duration="0.004026" asserts="0">
                <properties>
                  <property name="_JOINTYPE" value="UnityCombinatorial" />
                  <property name="retryIteration" value="0" />
                  <property name="repeatIteration" value="0" />
                </properties>
              </test-case>
              <test-case id="1018" name="PlannerBootsWithGhostBoardAndVisualLayer" fullname="VoxelEngine.Tests.PlayMode.ChainCombatExecutionPlanV9Tests.PlannerBootsWithGhostBoardAndVisualLayer" methodname="PlannerBootsWithGhostBoardAndVisualLayer" classname="VoxelEngine.Tests.PlayMode.ChainCombatExecutionPlanV9Tests" runstate="Runnable" seed="748105012" result="Failed" label="Error" start-time="2026-08-15 09:47:19Z" end-time="2026-08-15 09:47:19Z" duration="0.001491" asserts="0">
                <properties>
                  <property name="_JOINTYPE" value="UnityCombinatorial" />
                  <property name="retryIteration" value="0" />
                  <property name="repeatIteration" value="0" />
                </properties>
                <failure>
                  <message><![CDATA[System.NullReferenceException : Object reference not set to an instance of an object]]></message>
                  <stack-trace><![CDATA[  at VoxelEngine.Tests.PlayMode.ChainCombatExecutionPlanV9Tests+<PlannerBootsWithGhostBoardAndVisualLayer>d__4.MoveNext () [0x00066] in /Users/jlashmet/tmp/_work/voxel/voxel/Assets/Tests/CombatPrototype/PlayMode/ChainCombatExecutionPlanV9Tests.cs:136 
  at UnityEngine.TestTools.TestEnumerator+<Execute>d__7.MoveNext () [0x0003a] in ./Library/PackageCache/com.unity.test-framework@1405238725ab/UnityEngine.TestRunner/NUnitExtensions/Attributes/TestEnumerator.cs:44 ]]></stack-trace>
                </failure>
                <output><![CDATA[Can't add script behaviour 'ChainCombatLabController' because it is an editor script. To attach a script it needs to be outside the 'Editor' folder.
Can't add script behaviour 'ChainExecutionPlanner' because it is an editor script. To attach a script it needs to be outside the 'Editor' folder.
]]></output>
              </test-case>
              <test-case id="1014" name="ReorderingSetupAfterChainStarterMakesGhostStopOnOrderingConflict" fullname="VoxelEngine.Tests.PlayMode.ChainCombatExecutionPlanV9Tests.ReorderingSetupAfterChainStarterMakesGhostStopOnOrderingConflict" methodname="ReorderingSetupAfterChainStarterMakesGhostStopOnOrderingConflict" classname="VoxelEngine.Tests.PlayMode.ChainCombatExecutionPlanV9Tests" runstate="Runnable" seed="1984575221" result="Passed" start-time="2026-08-15 09:47:19Z" end-time="2026-08-15 09:47:19Z" duration="0.001306" asserts="0">
                <properties>
                  <property name="_JOINTYPE" value="UnityCombinatorial" />
                  <property name="retryIteration" value="0" />
                  <property name="repeatIteration" value="0" />
                </properties>
              </test-case>
              <test-case id="1019" name="SharedPlanExecutionRequiresEveryLivingPlayerReady" fullname="VoxelEngine.Tests.PlayMode.ChainCombatExecutionPlanV9Tests.SharedPlanExecutionRequiresEveryLivingPlayerReady" methodname="SharedPlanExecutionRequiresEveryLivingPlayerReady" classname="VoxelEngine.Tests.PlayMode.ChainCombatExecutionPlanV9Tests" runstate="Runnable" seed="268437998" result="Failed" label="Error" start-time="2026-08-15 09:47:19Z" end-time="2026-08-15 09:47:19Z" duration="0.001184" asserts="0">
                <properties>
                  <property name="_JOINTYPE" value="UnityCombinatorial" />
                  <property name="retryIteration" value="0" />
                  <property name="repeatIteration" value="0" />
                </properties>
                <failure>
                  <message><![CDATA[System.NullReferenceException : Object reference not set to an instance of an object]]></message>
                  <stack-trace><![CDATA[  at VoxelEngine.Tests.PlayMode.ChainCombatExecutionPlanV9Tests+<SharedPlanExecutionRequiresEveryLivingPlayerReady>d__5.MoveNext () [0x0006b] in /Users/jlashmet/tmp/_work/voxel/voxel/Assets/Tests/CombatPrototype/PlayMode/ChainCombatExecutionPlanV9Tests.cs:156 
  at UnityEngine.TestTools.TestEnumerator+<Execute>d__7.MoveNext () [0x0003a] in ./Library/PackageCache/com.unity.test-framework@1405238725ab/UnityEngine.TestRunner/NUnitExtensions/Attributes/TestEnumerator.cs:44 ]]></stack-trace>
                </failure>
                <output><![CDATA[Can't add script behaviour 'ChainCombatLabController' because it is an editor script. To attach a script it needs to be outside the 'Editor' folder.
Can't add script behaviour 'ChainExecutionPlanner' because it is an editor script. To attach a script it needs to be outside the 'Editor' folder.
]]></output>
              </test-case>
            </test-suite>
            <test-suite type="TestFixture" id="1021" name="ChainCombatImpactV3Tests" fullname="VoxelEngine.Tests.PlayMode.ChainCombatImpactV3Tests" classname="VoxelEngine.Tests.PlayMode.ChainCombatImpactV3Tests" runstate="Runnable" testcasecount="3" result="Passed" start-time="2026-08-15 09:47:19Z" end-time="2026-08-15 09:47:19Z" duration="0.003746" total="3" passed="3" failed="0" inconclusive="0" skipped="0" asserts="0">
              <properties />
              <test-case id="1022" name="ClaimedEventCannotBePassedUntilReleased" fullname="VoxelEngine.Tests.PlayMode.ChainCombatImpactV3Tests.ClaimedEventCannotBePassedUntilReleased" methodname="ClaimedEventCannotBePassedUntilReleased" classname="VoxelEngine.Tests.PlayMode.ChainCombatImpactV3Tests" runstate="Runnable" seed="44289052" result="Passed" start-time="2026-08-15 09:47:19Z" end-time="2026-08-15 09:47:19Z" duration="0.000697" asserts="0">
                <properties>
                  <property name="_JOINTYPE" value="UnityCombinatorial" />
                  <property name="retryIteration" value="0" />
                  <property name="repeatIteration" value="0" />
                </properties>
              </test-case>
              <test-case id="1023" name="ForceMultiplierTurnsSameLaunchIntoHarderImpact" fullname="VoxelEngine.Tests.PlayMode.ChainCombatImpactV3Tests.ForceMultiplierTurnsSameLaunchIntoHarderImpact" methodname="ForceMultiplierTurnsSameLaunchIntoHarderImpact" classname="VoxelEngine.Tests.PlayMode.ChainCombatImpactV3Tests" runstate="Runnable" seed="470550268" result="Passed" start-time="2026-08-15 09:47:19Z" end-time="2026-08-15 09:47:19Z" duration="0.001673" asserts="0">
                <properties>
                  <property name="_JOINTYPE" value="UnityCombinatorial" />
                  <property name="retryIteration" value="0" />
                  <property name="repeatIteration" value="0" />
                </properties>
              </test-case>
              <test-case id="1024" name="FourPlayerRouteRecordsThreeActualHandoffs" fullname="VoxelEngine.Tests.PlayMode.ChainCombatImpactV3Tests.FourPlayerRouteRecordsThreeActualHandoffs" methodname="FourPlayerRouteRecordsThreeActualHandoffs" classname="VoxelEngine.Tests.PlayMode.ChainCombatImpactV3Tests" runstate="Runnable" seed="27638534" result="Passed" start-time="2026-08-15 09:47:19Z" end-time="2026-08-15 09:47:19Z" duration="0.000493" asserts="0">
                <properties>
                  <property name="_JOINTYPE" value="UnityCombinatorial" />
                  <property name="retryIteration" value="0" />
                  <property name="repeatIteration" value="0" />
                </properties>
              </test-case>
            </test-suite>
            <test-suite type="TestFixture" id="1025" name="ChainCombatMechanicsV2Tests" fullname="VoxelEngine.Tests.PlayMode.ChainCombatMechanicsV2Tests" classname="VoxelEngine.Tests.PlayMode.ChainCombatMechanicsV2Tests" runstate="Runnable" testcasecount="4" result="Failed" site="Child" start-time="2026-08-15 09:47:19Z" end-time="2026-08-15 09:47:19Z" duration="0.005200" total="4" passed="3" failed="1" inconclusive="0" skipped="0" asserts="0">
              <properties />
              <failure>
                <message><![CDATA[One or more child tests had errors]]></message>
              </failure>
              <test-case id="1027" name="AirborneEventHasCompetingClaimsAndFirstValidClaimOwnsIt" fullname="VoxelEngine.Tests.PlayMode.ChainCombatMechanicsV2Tests.AirborneEventHasCompetingClaimsAndFirstValidClaimOwnsIt" methodname="AirborneEventHasCompetingClaimsAndFirstValidClaimOwnsIt" classname="VoxelEngine.Tests.PlayMode.ChainCombatMechanicsV2Tests" runstate="Runnable" seed="39086924" result="Passed" start-time="2026-08-15 09:47:19Z" end-time="2026-08-15 09:47:19Z" duration="0.001105" asserts="0">
                <properties>
                  <property name="_JOINTYPE" value="UnityCombinatorial" />
                  <property name="retryIteration" value="0" />
                  <property name="repeatIteration" value="0" />
                </properties>
              </test-case>
              <test-case id="1026" name="CascadeLabControllerBootsFourPlayerBattle" fullname="VoxelEngine.Tests.PlayMode.ChainCombatMechanicsV2Tests.CascadeLabControllerBootsFourPlayerBattle" methodname="CascadeLabControllerBootsFourPlayerBattle" classname="VoxelEngine.Tests.PlayMode.ChainCombatMechanicsV2Tests" runstate="Runnable" seed="491154356" result="Failed" start-time="2026-08-15 09:47:19Z" end-time="2026-08-15 09:47:19Z" duration="0.001062" asserts="0">
                <properties>
                  <property name="_JOINTYPE" value="UnityCombinatorial" />
                  <property name="retryIteration" value="0" />
                  <property name="repeatIteration" value="0" />
                </properties>
                <failure>
                  <message><![CDATA[  Expected: not null
  But was:  null
]]></message>
                  <stack-trace><![CDATA[at VoxelEngine.Tests.PlayMode.ChainCombatMechanicsV2Tests+<CascadeLabControllerBootsFourPlayerBattle>d__0.MoveNext () [0x00055] in /Users/jlashmet/tmp/_work/voxel/voxel/Assets/Tests/CombatPrototype/PlayMode/ChainCombatMechanicsV2Tests.cs:19
at UnityEngine.TestTools.TestEnumerator+<Execute>d__7.MoveNext () [0x0003a] in ./Library/PackageCache/com.unity.test-framework@1405238725ab/UnityEngine.TestRunner/NUnitExtensions/Attributes/TestEnumerator.cs:44
]]></stack-trace>
                </failure>
                <output><![CDATA[Can't add script behaviour 'ChainCombatLabController' because it is an editor script. To attach a script it needs to be outside the 'Editor' folder.
]]></output>
              </test-case>
              <test-case id="1029" name="ClaimMustMatchCapabilityRangeAndExecutor" fullname="VoxelEngine.Tests.PlayMode.ChainCombatMechanicsV2Tests.ClaimMustMatchCapabilityRangeAndExecutor" methodname="ClaimMustMatchCapabilityRangeAndExecutor" classname="VoxelEngine.Tests.PlayMode.ChainCombatMechanicsV2Tests" runstate="Runnable" seed="1165193591" result="Passed" start-time="2026-08-15 09:47:19Z" end-time="2026-08-15 09:47:19Z" duration="0.000735" asserts="0">
                <properties>
                  <property name="_JOINTYPE" value="UnityCombinatorial" />
                  <property name="retryIteration" value="0" />
                  <property name="repeatIteration" value="0" />
                </properties>
              </test-case>
              <test-case id="1028" name="CollisionAndTreeEventsBranchBeforeFourPlayerCascadeFinishes" fullname="VoxelEngine.Tests.PlayMode.ChainCombatMechanicsV2Tests.CollisionAndTreeEventsBranchBeforeFourPlayerCascadeFinishes" methodname="CollisionAndTreeEventsBranchBeforeFourPlayerCascadeFinishes" classname="VoxelEngine.Tests.PlayMode.ChainCombatMechanicsV2Tests" runstate="Runnable" seed="1051350178" result="Passed" start-time="2026-08-15 09:47:19Z" end-time="2026-08-15 09:47:19Z" duration="0.000897" asserts="0">
                <properties>
                  <property name="_JOINTYPE" value="UnityCombinatorial" />
                  <property name="retryIteration" value="0" />
                  <property name="repeatIteration" value="0" />
                </properties>
              </test-case>
            </test-suite>
            <test-suite type="TestFixture" id="1030" name="ChainCombatPlanApprovalV9Tests" fullname="VoxelEngine.Tests.PlayMode.ChainCombatPlanApprovalV9Tests" classname="VoxelEngine.Tests.PlayMode.ChainCombatPlanApprovalV9Tests" runstate="Runnable" testcasecount="2" result="Failed" site="Child" start-time="2026-08-15 09:47:19Z" end-time="2026-08-15 09:47:19Z" duration="0.004136" total="2" passed="0" failed="2" inconclusive="0" skipped="0" asserts="0">
              <properties />
              <failure>
                <message><![CDATA[One or more child tests had errors]]></message>
              </failure>
              <test-case id="1032" name="CommittingApprovedPlanPreservesReadyForEnemyHandoff" fullname="VoxelEngine.Tests.PlayMode.ChainCombatPlanApprovalV9Tests.CommittingApprovedPlanPreservesReadyForEnemyHandoff" methodname="CommittingApprovedPlanPreservesReadyForEnemyHandoff" classname="VoxelEngine.Tests.PlayMode.ChainCombatPlanApprovalV9Tests" runstate="Runnable" seed="231554856" result="Failed" label="Error" start-time="2026-08-15 09:47:19Z" end-time="2026-08-15 09:47:19Z" duration="0.001851" asserts="0">
                <properties>
                  <property name="_JOINTYPE" value="UnityCombinatorial" />
                  <property name="retryIteration" value="0" />
                  <property name="repeatIteration" value="0" />
                </properties>
                <failure>
                  <message><![CDATA[System.Reflection.TargetException : Non-static field requires a target]]></message>
                  <stack-trace><![CDATA[  at System.Reflection.RuntimeFieldInfo.GetValue (System.Object obj) [0x0000b] in <299d5c9ae27b4d27af003e5f456f4b13>:0 
  at VoxelEngine.Tests.PlayMode.ChainCombatPlanApprovalV9Tests.GetBoard (MountingForce.CombatPrototype.ChainCombatLabController controller) [0x00014] in /Users/jlashmet/tmp/_work/voxel/voxel/Assets/Tests/CombatPrototype/PlayMode/ChainCombatPlanApprovalV9Tests.cs:91 
  at VoxelEngine.Tests.PlayMode.ChainCombatPlanApprovalV9Tests+<CommittingApprovedPlanPreservesReadyForEnemyHandoff>d__3.MoveNext () [0x0007c] in /Users/jlashmet/tmp/_work/voxel/voxel/Assets/Tests/CombatPrototype/PlayMode/ChainCombatPlanApprovalV9Tests.cs:64 
  at UnityEngine.TestTools.TestEnumerator+<Execute>d__7.MoveNext () [0x0003a] in ./Library/PackageCache/com.unity.test-framework@1405238725ab/UnityEngine.TestRunner/NUnitExtensions/Attributes/TestEnumerator.cs:44 ]]></stack-trace>
                </failure>
                <output><![CDATA[Can't add script behaviour 'ChainCombatLabController' because it is an editor script. To attach a script it needs to be outside the 'Editor' folder.
Can't add script behaviour 'ChainExecutionPlanner' because it is an editor script. To attach a script it needs to be outside the 'Editor' folder.
Can't add script behaviour 'ChainPlanApprovalCoordinator' because it is an editor script. To attach a script it needs to be outside the 'Editor' folder.
]]></output>
              </test-case>
              <test-case id="1031" name="EditingAnApprovedPlanRevokesEveryReadyApproval" fullname="VoxelEngine.Tests.PlayMode.ChainCombatPlanApprovalV9Tests.EditingAnApprovedPlanRevokesEveryReadyApproval" methodname="EditingAnApprovedPlanRevokesEveryReadyApproval" classname="VoxelEngine.Tests.PlayMode.ChainCombatPlanApprovalV9Tests" runstate="Runnable" seed="1674860529" result="Failed" label="Error" start-time="2026-08-15 09:47:19Z" end-time="2026-08-15 09:47:19Z" duration="0.001580" asserts="0">
                <properties>
                  <property name="_JOINTYPE" value="UnityCombinatorial" />
                  <property name="retryIteration" value="0" />
                  <property name="repeatIteration" value="0" />
                </properties>
                <failure>
                  <message><![CDATA[System.Reflection.TargetException : Non-static field requires a target]]></message>
                  <stack-trace><![CDATA[  at System.Reflection.RuntimeFieldInfo.GetValue (System.Object obj) [0x0000b] in <299d5c9ae27b4d27af003e5f456f4b13>:0 
  at VoxelEngine.Tests.PlayMode.ChainCombatPlanApprovalV9Tests.GetBoard (MountingForce.CombatPrototype.ChainCombatLabController controller) [0x00014] in /Users/jlashmet/tmp/_work/voxel/voxel/Assets/Tests/CombatPrototype/PlayMode/ChainCombatPlanApprovalV9Tests.cs:91 
  at VoxelEngine.Tests.PlayMode.ChainCombatPlanApprovalV9Tests+<EditingAnApprovedPlanRevokesEveryReadyApproval>d__2.MoveNext () [0x0007c] in /Users/jlashmet/tmp/_work/voxel/voxel/Assets/Tests/CombatPrototype/PlayMode/ChainCombatPlanApprovalV9Tests.cs:27 
  at UnityEngine.TestTools.TestEnumerator+<Execute>d__7.MoveNext () [0x0003a] in ./Library/PackageCache/com.unity.test-framework@1405238725ab/UnityEngine.TestRunner/NUnitExtensions/Attributes/TestEnumerator.cs:44 ]]></stack-trace>
                </failure>
                <output><![CDATA[Can't add script behaviour 'ChainCombatLabController' because it is an editor script. To attach a script it needs to be outside the 'Editor' folder.
Can't add script behaviour 'ChainExecutionPlanner' because it is an editor script. To attach a script it needs to be outside the 'Editor' folder.
Can't add script behaviour 'ChainPlanApprovalCoordinator' because it is an editor script. To attach a script it needs to be outside the 'Editor' folder.
]]></output>
              </test-case>
            </test-suite>
            <test-suite type="TestFixture" id="1033" name="ChainCombatPrototypeTests" fullname="VoxelEngine.Tests.PlayMode.ChainCombatPrototypeTests" classname="VoxelEngine.Tests.PlayMode.ChainCombatPrototypeTests" runstate="Runnable" testcasecount="4" result="Failed" site="Child" start-time="2026-08-15 09:47:19Z" end-time="2026-08-15 09:47:19Z" duration="0.009097" total="4" passed="3" failed="1" inconclusive="0" skipped="0" asserts="0">
              <properties />
              <failure>
                <message><![CDATA[One or more child tests had errors]]></message>
              </failure>
              <test-case id="1034" name="ControllerBootsPlayableBattlePresentation" fullname="VoxelEngine.Tests.PlayMode.ChainCombatPrototypeTests.ControllerBootsPlayableBattlePresentation" methodname="ControllerBootsPlayableBattlePresentation" classname="VoxelEngine.Tests.PlayMode.ChainCombatPrototypeTests" runstate="Runnable" seed="1796930493" result="Failed" start-time="2026-08-15 09:47:19Z" end-time="2026-08-15 09:47:19Z" duration="0.001296" asserts="0">
                <properties>
                  <property name="_JOINTYPE" value="UnityCombinatorial" />
                  <property name="retryIteration" value="0" />
                  <property name="repeatIteration" value="0" />
                </properties>
                <failure>
                  <message><![CDATA[  Prototype camera was not created.
  Expected: not null
  But was:  null
]]></message>
                  <stack-trace><![CDATA[at VoxelEngine.Tests.PlayMode.ChainCombatPrototypeTests+<ControllerBootsPlayableBattlePresentation>d__0.MoveNext () [0x00055] in /Users/jlashmet/tmp/_work/voxel/voxel/Assets/Tests/CombatPrototype/PlayMode/ChainCombatPrototypeTests.cs:19
at UnityEngine.TestTools.TestEnumerator+<Execute>d__7.MoveNext () [0x0003a] in ./Library/PackageCache/com.unity.test-framework@1405238725ab/UnityEngine.TestRunner/NUnitExtensions/Attributes/TestEnumerator.cs:44
]]></stack-trace>
                </failure>
                <output><![CDATA[Can't add script behaviour 'CombatPrototypeController' because it is an editor script. To attach a script it needs to be outside the 'Editor' folder.
]]></output>
              </test-case>
              <test-case id="1037" name="NormalActionsActionBudgetAndResetWork" fullname="VoxelEngine.Tests.PlayMode.ChainCombatPrototypeTests.NormalActionsActionBudgetAndResetWork" methodname="NormalActionsActionBudgetAndResetWork" classname="VoxelEngine.Tests.PlayMode.ChainCombatPrototypeTests" runstate="Runnable" seed="1421140266" result="Passed" start-time="2026-08-15 09:47:19Z" end-time="2026-08-15 09:47:19Z" duration="0.002763" asserts="0">
                <properties>
                  <property name="_JOINTYPE" value="UnityCombinatorial" />
                  <property name="retryIteration" value="0" />
                  <property name="repeatIteration" value="0" />
                </properties>
              </test-case>
              <test-case id="1036" name="PortalsPreserveMotionAndForceMultiplierExtendsMotion" fullname="VoxelEngine.Tests.PlayMode.ChainCombatPrototypeTests.PortalsPreserveMotionAndForceMultiplierExtendsMotion" methodname="PortalsPreserveMotionAndForceMultiplierExtendsMotion" classname="VoxelEngine.Tests.PlayMode.ChainCombatPrototypeTests" runstate="Runnable" seed="1282510104" result="Passed" start-time="2026-08-15 09:47:19Z" end-time="2026-08-15 09:47:19Z" duration="0.002205" asserts="0">
                <properties>
                  <property name="_JOINTYPE" value="UnityCombinatorial" />
                  <property name="retryIteration" value="0" />
                  <property name="repeatIteration" value="0" />
                </properties>
              </test-case>
              <test-case id="1035" name="ReactionChainRunsLaunchRedirectCollisionRepulseAndTreeFall" fullname="VoxelEngine.Tests.PlayMode.ChainCombatPrototypeTests.ReactionChainRunsLaunchRedirectCollisionRepulseAndTreeFall" methodname="ReactionChainRunsLaunchRedirectCollisionRepulseAndTreeFall" classname="VoxelEngine.Tests.PlayMode.ChainCombatPrototypeTests" runstate="Runnable" seed="361421393" result="Passed" start-time="2026-08-15 09:47:19Z" end-time="2026-08-15 09:47:19Z" duration="0.001674" asserts="0">
                <properties>
                  <property name="_JOINTYPE" value="UnityCombinatorial" />
                  <property name="retryIteration" value="0" />
                  <property name="repeatIteration" value="0" />
                </properties>
              </test-case>
            </test-suite>
            <test-suite type="TestFixture" id="1038" name="ChainCombatReadinessV7Tests" fullname="VoxelEngine.Tests.PlayMode.ChainCombatReadinessV7Tests" classname="VoxelEngine.Tests.PlayMode.ChainCombatReadinessV7Tests" runstate="Runnable" testcasecount="4" result="Passed" start-time="2026-08-15 09:47:19Z" end-time="2026-08-15 09:47:19Z" duration="0.002142" total="4" passed="4" failed="0" inconclusive="0" skipped="0" asserts="0">
              <properties />
              <test-case id="1040" name="EnemyPhaseRequiresEveryLivingPlayerAndNoPendingEvent" fullname="VoxelEngine.Tests.PlayMode.ChainCombatReadinessV7Tests.EnemyPhaseRequiresEveryLivingPlayerAndNoPendingEvent" methodname="EnemyPhaseRequiresEveryLivingPlayerAndNoPendingEvent" classname="VoxelEngine.Tests.PlayMode.ChainCombatReadinessV7Tests" runstate="Runnable" seed="2008979287" result="Passed" start-time="2026-08-15 09:47:19Z" end-time="2026-08-15 09:47:19Z" duration="0.000714" asserts="0">
                <properties>
                  <property name="_JOINTYPE" value="UnityCombinatorial" />
                  <property name="retryIteration" value="0" />
                  <property name="repeatIteration" value="0" />
                </properties>
              </test-case>
              <test-case id="1041" name="PlayerMayReadyWithoutActivatingAndMayUnreadyBeforeEnemyPhase" fullname="VoxelEngine.Tests.PlayMode.ChainCombatReadinessV7Tests.PlayerMayReadyWithoutActivatingAndMayUnreadyBeforeEnemyPhase" methodname="PlayerMayReadyWithoutActivatingAndMayUnreadyBeforeEnemyPhase" classname="VoxelEngine.Tests.PlayMode.ChainCombatReadinessV7Tests" runstate="Runnable" seed="137968629" result="Passed" start-time="2026-08-15 09:47:19Z" end-time="2026-08-15 09:47:19Z" duration="0.000346" asserts="0">
                <properties>
                  <property name="_JOINTYPE" value="UnityCombinatorial" />
                  <property name="retryIteration" value="0" />
                  <property name="repeatIteration" value="0" />
                </properties>
              </test-case>
              <test-case id="1039" name="ReadyBlocksProactivePlayButNotReactions" fullname="VoxelEngine.Tests.PlayMode.ChainCombatReadinessV7Tests.ReadyBlocksProactivePlayButNotReactions" methodname="ReadyBlocksProactivePlayButNotReactions" classname="VoxelEngine.Tests.PlayMode.ChainCombatReadinessV7Tests" runstate="Runnable" seed="1051242384" result="Passed" start-time="2026-08-15 09:47:19Z" end-time="2026-08-15 09:47:19Z" duration="0.000287" asserts="0">
                <properties>
                  <property name="_JOINTYPE" value="UnityCombinatorial" />
                  <property name="retryIteration" value="0" />
                  <property name="repeatIteration" value="0" />
                </properties>
              </test-case>
              <test-case id="1042" name="ReadyPlayersCanStillOwnLaterReactionDecisions" fullname="VoxelEngine.Tests.PlayMode.ChainCombatReadinessV7Tests.ReadyPlayersCanStillOwnLaterReactionDecisions" methodname="ReadyPlayersCanStillOwnLaterReactionDecisions" classname="VoxelEngine.Tests.PlayMode.ChainCombatReadinessV7Tests" runstate="Runnable" seed="586697854" result="Passed" start-time="2026-08-15 09:47:19Z" end-time="2026-08-15 09:47:19Z" duration="0.000235" asserts="0">
                <properties>
                  <property name="_JOINTYPE" value="UnityCombinatorial" />
                  <property name="retryIteration" value="0" />
                  <property name="repeatIteration" value="0" />
                </properties>
              </test-case>
            </test-suite>
            <test-suite type="TestFixture" id="1043" name="ChainCombatReservationV6Tests" fullname="VoxelEngine.Tests.PlayMode.ChainCombatReservationV6Tests" classname="VoxelEngine.Tests.PlayMode.ChainCombatReservationV6Tests" runstate="Runnable" testcasecount="5" result="Passed" start-time="2026-08-15 09:47:19Z" end-time="2026-08-15 09:47:19Z" duration="0.002052" total="5" passed="5" failed="0" inconclusive="0" skipped="0" asserts="0">
              <properties />
              <test-case id="1046" name="ExecutingReservedReactionHandsNextEventBackToWholeParty" fullname="VoxelEngine.Tests.PlayMode.ChainCombatReservationV6Tests.ExecutingReservedReactionHandsNextEventBackToWholeParty" methodname="ExecutingReservedReactionHandsNextEventBackToWholeParty" classname="VoxelEngine.Tests.PlayMode.ChainCombatReservationV6Tests" runstate="Runnable" seed="530947704" result="Passed" start-time="2026-08-15 09:47:19Z" end-time="2026-08-15 09:47:19Z" duration="0.000378" asserts="0">
                <properties>
                  <property name="_JOINTYPE" value="UnityCombinatorial" />
                  <property name="retryIteration" value="0" />
                  <property name="repeatIteration" value="0" />
                </properties>
              </test-case>
              <test-case id="1048" name="FailedRoundAdvanceCannotEraseReservation" fullname="VoxelEngine.Tests.PlayMode.ChainCombatReservationV6Tests.FailedRoundAdvanceCannotEraseReservation" methodname="FailedRoundAdvanceCannotEraseReservation" classname="VoxelEngine.Tests.PlayMode.ChainCombatReservationV6Tests" runstate="Runnable" seed="1624909163" result="Passed" start-time="2026-08-15 09:47:19Z" end-time="2026-08-15 09:47:19Z" duration="0.000245" asserts="0">
                <properties>
                  <property name="_JOINTYPE" value="UnityCombinatorial" />
                  <property name="retryIteration" value="0" />
                  <property name="repeatIteration" value="0" />
                </properties>
              </test-case>
              <test-case id="1047" name="GroupPassCannotEraseAPlayersReservation" fullname="VoxelEngine.Tests.PlayMode.ChainCombatReservationV6Tests.GroupPassCannotEraseAPlayersReservation" methodname="GroupPassCannotEraseAPlayersReservation" classname="VoxelEngine.Tests.PlayMode.ChainCombatReservationV6Tests" runstate="Runnable" seed="176597559" result="Passed" start-time="2026-08-15 09:47:19Z" end-time="2026-08-15 09:47:19Z" duration="0.000310" asserts="0">
                <properties>
                  <property name="_JOINTYPE" value="UnityCombinatorial" />
                  <property name="retryIteration" value="0" />
                  <property name="repeatIteration" value="0" />
                </properties>
              </test-case>
              <test-case id="1044" name="PlayerCanReserveBeforeKnowingWhetherTheirRosterHasAnAnswer" fullname="VoxelEngine.Tests.PlayMode.ChainCombatReservationV6Tests.PlayerCanReserveBeforeKnowingWhetherTheirRosterHasAnAnswer" methodname="PlayerCanReserveBeforeKnowingWhetherTheirRosterHasAnAnswer" classname="VoxelEngine.Tests.PlayMode.ChainCombatReservationV6Tests" runstate="Runnable" seed="340305817" result="Passed" start-time="2026-08-15 09:47:19Z" end-time="2026-08-15 09:47:19Z" duration="0.000272" asserts="0">
                <properties>
                  <property name="_JOINTYPE" value="UnityCombinatorial" />
                  <property name="retryIteration" value="0" />
                  <property name="repeatIteration" value="0" />
                </properties>
              </test-case>
              <test-case id="1045" name="ReleasingConcreteChoiceKeepsPlayerReservation" fullname="VoxelEngine.Tests.PlayMode.ChainCombatReservationV6Tests.ReleasingConcreteChoiceKeepsPlayerReservation" methodname="ReleasingConcreteChoiceKeepsPlayerReservation" classname="VoxelEngine.Tests.PlayMode.ChainCombatReservationV6Tests" runstate="Runnable" seed="189730310" result="Passed" start-time="2026-08-15 09:47:19Z" end-time="2026-08-15 09:47:19Z" duration="0.000313" asserts="0">
                <properties>
                  <property name="_JOINTYPE" value="UnityCombinatorial" />
                  <property name="retryIteration" value="0" />
                  <property name="repeatIteration" value="0" />
                </properties>
              </test-case>
            </test-suite>
            <test-suite type="TestFixture" id="1049" name="ChainCombatSetupV4Tests" fullname="VoxelEngine.Tests.PlayMode.ChainCombatSetupV4Tests" classname="VoxelEngine.Tests.PlayMode.ChainCombatSetupV4Tests" runstate="Runnable" testcasecount="3" result="Passed" start-time="2026-08-15 09:47:19Z" end-time="2026-08-15 09:47:19Z" duration="0.001734" total="3" passed="3" failed="0" inconclusive="0" skipped="0" asserts="0">
              <properties />
              <test-case id="1051" name="ConvergeActivelyBuildsFutureCollisionGeometry" fullname="VoxelEngine.Tests.PlayMode.ChainCombatSetupV4Tests.ConvergeActivelyBuildsFutureCollisionGeometry" methodname="ConvergeActivelyBuildsFutureCollisionGeometry" classname="VoxelEngine.Tests.PlayMode.ChainCombatSetupV4Tests" runstate="Runnable" seed="1956122841" result="Passed" start-time="2026-08-15 09:47:19Z" end-time="2026-08-15 09:47:19Z" duration="0.000360" asserts="0">
                <properties>
                  <property name="_JOINTYPE" value="UnityCombinatorial" />
                  <property name="retryIteration" value="0" />
                  <property name="repeatIteration" value="0" />
                </properties>
              </test-case>
              <test-case id="1052" name="CorrectlyUsingGromsNotchMakesTheLaterTreePayoffStronger" fullname="VoxelEngine.Tests.PlayMode.ChainCombatSetupV4Tests.CorrectlyUsingGromsNotchMakesTheLaterTreePayoffStronger" methodname="CorrectlyUsingGromsNotchMakesTheLaterTreePayoffStronger" classname="VoxelEngine.Tests.PlayMode.ChainCombatSetupV4Tests" runstate="Runnable" seed="1687114007" result="Passed" start-time="2026-08-15 09:47:19Z" end-time="2026-08-15 09:47:19Z" duration="0.000646" asserts="0">
                <properties>
                  <property name="_JOINTYPE" value="UnityCombinatorial" />
                  <property name="retryIteration" value="0" />
                  <property name="repeatIteration" value="0" />
                </properties>
              </test-case>
              <test-case id="1050" name="SkitterCanStartAChainForAnotherPlayersReaction" fullname="VoxelEngine.Tests.PlayMode.ChainCombatSetupV4Tests.SkitterCanStartAChainForAnotherPlayersReaction" methodname="SkitterCanStartAChainForAnotherPlayersReaction" classname="VoxelEngine.Tests.PlayMode.ChainCombatSetupV4Tests" runstate="Runnable" seed="691738815" result="Passed" start-time="2026-08-15 09:47:19Z" end-time="2026-08-15 09:47:19Z" duration="0.000289" asserts="0">
                <properties>
                  <property name="_JOINTYPE" value="UnityCombinatorial" />
                  <property name="retryIteration" value="0" />
                  <property name="repeatIteration" value="0" />
                </properties>
              </test-case>
            </test-suite>
          </test-suite>
        </test-suite>
      </test-suite>
    </test-suite>
    <test-suite type="Assembly" id="1482" name="VoxelEngine.Tests.EditMode.dll" fullname="/Users/jlashmet/tmp/_work/voxel/voxel/Library/ScriptAssemblies/VoxelEngine.Tests.EditMode.dll" runstate="Runnable" testcasecount="341" result="Failed" site="Child" start-time="2026-08-15 09:47:19Z" end-time="2026-08-15 09:47:24Z" duration="4.729267" total="341" passed="336" failed="5" inconclusive="0" skipped="0" asserts="0">
      <properties>
        <property name="_PID" value="83973" />
        <property name="_APPDOMAIN" value="Unity Child Domain" />
        <property name="platform" value="EditMode" />
        <property name="EditorOnly" value="True" />
      </properties>
      <failure>
        <message><![CDATA[One or more child tests had errors]]></message>
      </failure>
      <test-suite type="TestSuite" id="1483" name="VoxelEngine" fullname="VoxelEngine" runstate="Runnable" testcasecount="341" result="Failed" site="Child" start-time="2026-08-15 09:47:19Z" end-time="2026-08-15 09:47:24Z" duration="4.729210" total="341" passed="336" failed="5" inconclusive="0" skipped="0" asserts="0">
        <properties />
        <failure>
          <message><![CDATA[One or more child tests had errors]]></message>
        </failure>
        <test-suite type="TestSuite" id="1484" name="Tests" fullname="VoxelEngine.Tests" runstate="Runnable" testcasecount="341" result="Failed" site="Child" start-time="2026-08-15 09:47:19Z" end-time="2026-08-15 09:47:24Z" duration="4.729168" total="341" passed="336" failed="5" inconclusive="0" skipped="0" asserts="0">
          <properties />
          <failure>
            <message><![CDATA[One or more child tests had errors]]></message>
          </failure>
          <test-suite type="TestSuite" id="1485" name="EditMode" fullname="VoxelEngine.Tests.EditMode" runstate="Runnable" testcasecount="341" result="Failed" site="Child" start-time="2026-08-15 09:47:19Z" end-time="2026-08-15 09:47:24Z" duration="4.728836" total="341" passed="336" failed="5" inconclusive="0" skipped="0" asserts="0">
            <properties />
            <failure>
              <message><![CDATA[One or more child tests had errors]]></message>
            </failure>
            <test-suite type="TestFixture" id="1065" name="AlterationEventBatchTests" fullname="VoxelEngine.Tests.EditMode.AlterationEventBatchTests" classname="VoxelEngine.Tests.EditMode.AlterationEventBatchTests" runstate="Runnable" testcasecount="6" result="Passed" start-time="2026-08-15 09:47:19Z" end-time="2026-08-15 09:47:19Z" duration="0.005649" total="6" passed="6" failed="0" inconclusive="0" skipped="0" asserts="0">
              <properties />
              <test-case id="1071" name="DecodeRejectsTruncatedPacket" fullname="VoxelEngine.Tests.EditMode.AlterationEventBatchTests.DecodeRejectsTruncatedPacket" methodname="DecodeRejectsTruncatedPacket" classname="VoxelEngine.Tests.EditMode.AlterationEventBatchTests" runstate="Runnable" seed="83990942" result="Passed" start-time="2026-08-15 09:47:19Z" end-time="2026-08-15 09:47:19Z" duration="0.001746" asserts="0">
                <properties>
                  <property name="retryIteration" value="0" />
                  <property name="repeatIteration" value="0" />
                </properties>
              </test-case>
              <test-case id="1070" name="MaximumBatchStaysBelowTwelveHundredBytes" fullname="VoxelEngine.Tests.EditMode.AlterationEventBatchTests.MaximumBatchStaysBelowTwelveHundredBytes" methodname="MaximumBatchStaysBelowTwelveHundredBytes" classname="VoxelEngine.Tests.EditMode.AlterationEventBatchTests" runstate="Runnable" seed="988465692" result="Passed" start-time="2026-08-15 09:47:19Z" end-time="2026-08-15 09:47:19Z" duration="0.000476" asserts="0">
                <properties>
                  <property name="retryIteration" value="0" />
                  <property name="repeatIteration" value="0" />
                </properties>
              </test-case>
              <test-case id="1068" name="RejectsMixedTicksInsteadOfEncodingLossily" fullname="VoxelEngine.Tests.EditMode.AlterationEventBatchTests.RejectsMixedTicksInsteadOfEncodingLossily" methodname="RejectsMixedTicksInsteadOfEncodingLossily" classname="VoxelEngine.Tests.EditMode.AlterationEventBatchTests" runstate="Runnable" seed="1515855473" result="Passed" start-time="2026-08-15 09:47:19Z" end-time="2026-08-15 09:47:19Z" duration="0.000181" asserts="0">
                <properties>
                  <property name="retryIteration" value="0" />
                  <property name="repeatIteration" value="0" />
                </properties>
              </test-case>
              <test-case id="1069" name="RejectsOriginThatCannotFitSignedRegionRelativeCoordinate" fullname="VoxelEngine.Tests.EditMode.AlterationEventBatchTests.RejectsOriginThatCannotFitSignedRegionRelativeCoordinate" methodname="RejectsOriginThatCannotFitSignedRegionRelativeCoordinate" classname="VoxelEngine.Tests.EditMode.AlterationEventBatchTests" runstate="Runnable" seed="16710605" result="Passed" start-time="2026-08-15 09:47:19Z" end-time="2026-08-15 09:47:19Z" duration="0.000108" asserts="0">
                <properties>
                  <property name="retryIteration" value="0" />
                  <property name="repeatIteration" value="0" />
                </properties>
              </test-case>
              <test-case id="1066" name="RoundTripPreservesEverySemanticField" fullname="VoxelEngine.Tests.EditMode.AlterationEventBatchTests.RoundTripPreservesEverySemanticField" methodname="RoundTripPreservesEverySemanticField" classname="VoxelEngine.Tests.EditMode.AlterationEventBatchTests" runstate="Runnable" seed="285045530" result="Passed" start-time="2026-08-15 09:47:19Z" end-time="2026-08-15 09:47:19Z" duration="0.001027" asserts="0">
                <properties>
                  <property name="Category" value="Bandwidth" />
                  <property name="retryIteration" value="0" />
                  <property name="repeatIteration" value="0" />
                </properties>
              </test-case>
              <test-case id="1067" name="TenEventBurstUsesAboutHalfTheCurrentBroadcastBytes" fullname="VoxelEngine.Tests.EditMode.AlterationEventBatchTests.TenEventBurstUsesAboutHalfTheCurrentBroadcastBytes" methodname="TenEventBurstUsesAboutHalfTheCurrentBroadcastBytes" classname="VoxelEngine.Tests.EditMode.AlterationEventBatchTests" runstate="Runnable" seed="1080411195" result="Passed" start-time="2026-08-15 09:47:19Z" end-time="2026-08-15 09:47:19Z" duration="0.000287" asserts="0">
                <properties>
                  <property name="Category" value="Bandwidth" />
                  <property name="retryIteration" value="0" />
                  <property name="repeatIteration" value="0" />
                </properties>
              </test-case>
            </test-suite>
            <test-suite type="TestFixture" id="1072" name="AlterationRejectedPacketTests" fullname="VoxelEngine.Tests.EditMode.AlterationRejectedPacketTests" classname="VoxelEngine.Tests.EditMode.AlterationRejectedPacketTests" runstate="Runnable" testcasecount="2" result="Passed" start-time="2026-08-15 09:47:19Z" end-time="2026-08-15 09:47:19Z" duration="0.002759" total="2" passed="2" failed="0" inconclusive="0" skipped="0" asserts="0">
              <properties />
              <test-case id="1073" name="RejectionIsTenByteFramedEventPacket" fullname="VoxelEngine.Tests.EditMode.AlterationRejectedPacketTests.RejectionIsTenByteFramedEventPacket" methodname="RejectionIsTenByteFramedEventPacket" classname="VoxelEngine.Tests.EditMode.AlterationRejectedPacketTests" runstate="Runnable" seed="1511284750" result="Passed" start-time="2026-08-15 09:47:19Z" end-time="2026-08-15 09:47:19Z" duration="0.002083" asserts="0">
                <properties>
                  <property name="retryIteration" value="0" />
                  <property name="repeatIteration" value="0" />
                </properties>
              </test-case>
              <test-case id="1074" name="RejectionRejectsWrongKindAndTrailingBytes" fullname="VoxelEngine.Tests.EditMode.AlterationRejectedPacketTests.RejectionRejectsWrongKindAndTrailingBytes" methodname="RejectionRejectsWrongKindAndTrailingBytes" classname="VoxelEngine.Tests.EditMode.AlterationRejectedPacketTests" runstate="Runnable" seed="924890343" result="Passed" start-time="2026-08-15 09:47:19Z" end-time="2026-08-15 09:47:19Z" duration="0.000313" asserts="0">
                <properties>
                  <property name="retryIteration" value="0" />
                  <property name="repeatIteration" value="0" />
                </properties>
              </test-case>
            </test-suite>
            <test-suite type="TestFixture" id="1075" name="AlterationRequestPacketTests" fullname="VoxelEngine.Tests.EditMode.AlterationRequestPacketTests" classname="VoxelEngine.Tests.EditMode.AlterationRequestPacketTests" runstate="Runnable" testcasecount="3" result="Passed" start-time="2026-08-15 09:47:19Z" end-time="2026-08-15 09:47:19Z" duration="0.001998" total="3" passed="3" failed="0" inconclusive="0" skipped="0" asserts="0">
              <properties />
              <test-case id="1076" name="FramedRequestIsExactlyThirtyFourBytesAndRoundTrips" fullname="VoxelEngine.Tests.EditMode.AlterationRequestPacketTests.FramedRequestIsExactlyThirtyFourBytesAndRoundTrips" methodname="FramedRequestIsExactlyThirtyFourBytesAndRoundTrips" classname="VoxelEngine.Tests.EditMode.AlterationRequestPacketTests" runstate="Runnable" seed="137800910" result="Passed" start-time="2026-08-15 09:47:19Z" end-time="2026-08-15 09:47:19Z" duration="0.000863" asserts="0">
                <properties>
                  <property name="Category" value="Bandwidth" />
                  <property name="retryIteration" value="0" />
                  <property name="repeatIteration" value="0" />
                </properties>
              </test-case>
              <test-case id="1077" name="FramedRequestRejectsWrongKindAndTrailingBytes" fullname="VoxelEngine.Tests.EditMode.AlterationRequestPacketTests.FramedRequestRejectsWrongKindAndTrailingBytes" methodname="FramedRequestRejectsWrongKindAndTrailingBytes" classname="VoxelEngine.Tests.EditMode.AlterationRequestPacketTests" runstate="Runnable" seed="1651259563" result="Passed" start-time="2026-08-15 09:47:19Z" end-time="2026-08-15 09:47:19Z" duration="0.000173" asserts="0">
                <properties>
                  <property name="retryIteration" value="0" />
                  <property name="repeatIteration" value="0" />
                </properties>
              </test-case>
              <test-case id="1078" name="ServerDispatcherUsesConnectionOwnedIdentityWhenMaterializingAuthority" fullname="VoxelEngine.Tests.EditMode.AlterationRequestPacketTests.ServerDispatcherUsesConnectionOwnedIdentityWhenMaterializingAuthority" methodname="ServerDispatcherUsesConnectionOwnedIdentityWhenMaterializingAuthority" classname="VoxelEngine.Tests.EditMode.AlterationRequestPacketTests" runstate="Runnable" seed="214669063" result="Passed" start-time="2026-08-15 09:47:19Z" end-time="2026-08-15 09:47:19Z" duration="0.000466" asserts="0">
                <properties>
                  <property name="retryIteration" value="0" />
                  <property name="repeatIteration" value="0" />
                </properties>
              </test-case>
            </test-suite>
            <test-suite type="TestFixture" id="1079" name="ArchitectureBoundaryGuardTests" fullname="VoxelEngine.Tests.EditMode.ArchitectureBoundaryGuardTests" classname="VoxelEngine.Tests.EditMode.ArchitectureBoundaryGuardTests" runstate="Runnable" testcasecount="4" result="Passed" start-time="2026-08-15 09:47:19Z" end-time="2026-08-15 09:47:19Z" duration="0.011364" total="4" passed="4" failed="0" inconclusive="0" skipped="0" asserts="0">
              <properties />
              <test-case id="1082" name="ApiAndRuntimeAssemblyNamesHaveSingleOwners" fullname="VoxelEngine.Tests.EditMode.ArchitectureBoundaryGuardTests.ApiAndRuntimeAssemblyNamesHaveSingleOwners" methodname="ApiAndRuntimeAssemblyNamesHaveSingleOwners" classname="VoxelEngine.Tests.EditMode.ArchitectureBoundaryGuardTests" runstate="Runnable" seed="1722337955" result="Passed" start-time="2026-08-15 09:47:19Z" end-time="2026-08-15 09:47:19Z" duration="0.004748" asserts="0">
                <properties>
                  <property name="retryIteration" value="0" />
                  <property name="repeatIteration" value="0" />
                </properties>
              </test-case>
              <test-case id="1080" name="ApiAssembliesDoNotReferenceRuntimeAssemblies" fullname="VoxelEngine.Tests.EditMode.ArchitectureBoundaryGuardTests.ApiAssembliesDoNotReferenceRuntimeAssemblies" methodname="ApiAssembliesDoNotReferenceRuntimeAssemblies" classname="VoxelEngine.Tests.EditMode.ArchitectureBoundaryGuardTests" runstate="Runnable" seed="1387262282" result="Passed" start-time="2026-08-15 09:47:19Z" end-time="2026-08-15 09:47:19Z" duration="0.002114" asserts="0">
                <properties>
                  <property name="retryIteration" value="0" />
                  <property name="repeatIteration" value="0" />
                </properties>
              </test-case>
              <test-case id="1083" name="RenderingReadPathUsesStorageApiForPhysicalReads" fullname="VoxelEngine.Tests.EditMode.ArchitectureBoundaryGuardTests.RenderingReadPathUsesStorageApiForPhysicalReads" methodname="RenderingReadPathUsesStorageApiForPhysicalReads" classname="VoxelEngine.Tests.EditMode.ArchitectureBoundaryGuardTests" runstate="Runnable" seed="1449677287" result="Passed" start-time="2026-08-15 09:47:19Z" end-time="2026-08-15 09:47:19Z" duration="0.001497" asserts="0">
                <properties>
                  <property name="retryIteration" value="0" />
                  <property name="repeatIteration" value="0" />
                </properties>
              </test-case>
              <test-case id="1081" name="RuntimeAssembliesDoNotReferenceForeignRuntimeAssemblies" fullname="VoxelEngine.Tests.EditMode.ArchitectureBoundaryGuardTests.RuntimeAssembliesDoNotReferenceForeignRuntimeAssemblies" methodname="RuntimeAssembliesDoNotReferenceForeignRuntimeAssemblies" classname="VoxelEngine.Tests.EditMode.ArchitectureBoundaryGuardTests" runstate="Runnable" seed="1394280057" result="Passed" start-time="2026-08-15 09:47:19Z" end-time="2026-08-15 09:47:19Z" duration="0.002044" asserts="0">
                <properties>
                  <property name="retryIteration" value="0" />
                  <property name="repeatIteration" value="0" />
                </properties>
              </test-case>
            </test-suite>
            <test-suite type="TestFixture" id="1084" name="AuthoritativeSessionLoopbackTests" fullname="VoxelEngine.Tests.EditMode.AuthoritativeSessionLoopbackTests" classname="VoxelEngine.Tests.EditMode.AuthoritativeSessionLoopbackTests" runstate="Runnable" testcasecount="1" result="Passed" start-time="2026-08-15 09:47:19Z" end-time="2026-08-15 09:47:19Z" duration="0.162524" total="1" passed="1" failed="0" inconclusive="0" skipped="0" asserts="0">
              <properties />
              <test-case id="1085" name="AuthenticatedSessionCarriesInputAcceptanceAndRejectionEndToEnd" fullname="VoxelEngine.Tests.EditMode.AuthoritativeSessionLoopbackTests.AuthenticatedSessionCarriesInputAcceptanceAndRejectionEndToEnd" methodname="AuthenticatedSessionCarriesInputAcceptanceAndRejectionEndToEnd" classname="VoxelEngine.Tests.EditMode.AuthoritativeSessionLoopbackTests" runstate="Runnable" seed="621730551" result="Passed" start-time="2026-08-15 09:47:19Z" end-time="2026-08-15 09:47:19Z" duration="0.162107" asserts="0">
                <properties>
                  <property name="Category" value="Networking" />
                  <property name="retryIteration" value="0" />
                  <property name="repeatIteration" value="0" />
                </properties>
              </test-case>
            </test-suite>
            <test-suite type="TestFixture" id="1086" name="BrickPoolCopyAllocatorTests" fullname="VoxelEngine.Tests.EditMode.BrickPoolCopyAllocatorTests" classname="VoxelEngine.Tests.EditMode.BrickPoolCopyAllocatorTests" runstate="Runnable" testcasecount="1" result="Passed" start-time="2026-08-15 09:47:19Z" end-time="2026-08-15 09:47:19Z" duration="0.001361" total="1" passed="1" failed="0" inconclusive="0" skipped="0" asserts="0">
              <properties />
              <test-case id="1087" name="CopiesShareAllocatorCursorAndFreeList" fullname="VoxelEngine.Tests.EditMode.BrickPoolCopyAllocatorTests.CopiesShareAllocatorCursorAndFreeList" methodname="CopiesShareAllocatorCursorAndFreeList" classname="VoxelEngine.Tests.EditMode.BrickPoolCopyAllocatorTests" runstate="Runnable" seed="861228188" result="Passed" start-time="2026-08-15 09:47:19Z" end-time="2026-08-15 09:47:19Z" duration="0.000853" asserts="0">
                <properties>
                  <property name="retryIteration" value="0" />
                  <property name="repeatIteration" value="0" />
                </properties>
              </test-case>
            </test-suite>
            <test-suite type="TestFixture" id="1088" name="CanonicalBrushRoutingTests" fullname="VoxelEngine.Tests.EditMode.CanonicalBrushRoutingTests" classname="VoxelEngine.Tests.EditMode.CanonicalBrushRoutingTests" runstate="Runnable" testcasecount="1" result="Passed" start-time="2026-08-15 09:47:19Z" end-time="2026-08-15 09:47:19Z" duration="0.000651" total="1" passed="1" failed="0" inconclusive="0" skipped="0" asserts="0">
              <properties />
              <test-case id="1089" name="ExactBrushBoundsDoNotOverRouteIntoAdjacentRegion" fullname="VoxelEngine.Tests.EditMode.CanonicalBrushRoutingTests.ExactBrushBoundsDoNotOverRouteIntoAdjacentRegion" methodname="ExactBrushBoundsDoNotOverRouteIntoAdjacentRegion" classname="VoxelEngine.Tests.EditMode.CanonicalBrushRoutingTests" runstate="Runnable" seed="1623481968" result="Passed" start-time="2026-08-15 09:47:19Z" end-time="2026-08-15 09:47:19Z" duration="0.000444" asserts="0">
                <properties>
                  <property name="retryIteration" value="0" />
                  <property name="repeatIteration" value="0" />
                </properties>
              </test-case>
            </test-suite>
            <test-suite type="TestFixture" id="1090" name="CanonicalBrushTests" fullname="VoxelEngine.Tests.EditMode.CanonicalBrushTests" classname="VoxelEngine.Tests.EditMode.CanonicalBrushTests" runstate="Runnable" testcasecount="6" result="Passed" start-time="2026-08-15 09:47:19Z" end-time="2026-08-15 09:47:19Z" duration="0.014916" total="6" passed="6" failed="0" inconclusive="0" skipped="0" asserts="0">
              <properties />
              <test-case id="1096" name="CompactBatchRoundTripAppliesSameBrushStateOnClient" fullname="VoxelEngine.Tests.EditMode.CanonicalBrushTests.CompactBatchRoundTripAppliesSameBrushStateOnClient" methodname="CompactBatchRoundTripAppliesSameBrushStateOnClient" classname="VoxelEngine.Tests.EditMode.CanonicalBrushTests" runstate="Runnable" seed="1590560019" result="Passed" start-time="2026-08-15 09:47:19Z" end-time="2026-08-15 09:47:19Z" duration="0.011446" asserts="0">
                <properties>
                  <property name="retryIteration" value="0" />
                  <property name="repeatIteration" value="0" />
                </properties>
              </test-case>
              <test-case id="1095" name="CrossRegionBrushFailsBeforeMutatingWhenNeighbourIsNotResident" fullname="VoxelEngine.Tests.EditMode.CanonicalBrushTests.CrossRegionBrushFailsBeforeMutatingWhenNeighbourIsNotResident" methodname="CrossRegionBrushFailsBeforeMutatingWhenNeighbourIsNotResident" classname="VoxelEngine.Tests.EditMode.CanonicalBrushTests" runstate="Runnable" seed="408512896" result="Passed" start-time="2026-08-15 09:47:19Z" end-time="2026-08-15 09:47:19Z" duration="0.001476" asserts="0">
                <properties>
                  <property name="retryIteration" value="0" />
                  <property name="repeatIteration" value="0" />
                </properties>
              </test-case>
              <test-case id="1094" name="HardSurfaceFlagCanCreateSemanticChangeWithoutMaterialAllocation" fullname="VoxelEngine.Tests.EditMode.CanonicalBrushTests.HardSurfaceFlagCanCreateSemanticChangeWithoutMaterialAllocation" methodname="HardSurfaceFlagCanCreateSemanticChangeWithoutMaterialAllocation" classname="VoxelEngine.Tests.EditMode.CanonicalBrushTests" runstate="Runnable" seed="1742794496" result="Passed" start-time="2026-08-15 09:47:19Z" end-time="2026-08-15 09:47:19Z" duration="0.000679" asserts="0">
                <properties>
                  <property name="retryIteration" value="0" />
                  <property name="repeatIteration" value="0" />
                </properties>
              </test-case>
              <test-case id="1093" name="OffGridOneBrickCubeSpansTwoWorldBricksAndBudgetCountsBoth" fullname="VoxelEngine.Tests.EditMode.CanonicalBrushTests.OffGridOneBrickCubeSpansTwoWorldBricksAndBudgetCountsBoth" methodname="OffGridOneBrickCubeSpansTwoWorldBricksAndBudgetCountsBoth" classname="VoxelEngine.Tests.EditMode.CanonicalBrushTests" runstate="Runnable" seed="270979704" result="Passed" start-time="2026-08-15 09:47:19Z" end-time="2026-08-15 09:47:19Z" duration="0.000208" asserts="0">
                <properties>
                  <property name="retryIteration" value="0" />
                  <property name="repeatIteration" value="0" />
                </properties>
              </test-case>
              <test-case id="1092" name="OneBrickCubeWritesExactEightCubedVolumeWithoutMixedAllocation" fullname="VoxelEngine.Tests.EditMode.CanonicalBrushTests.OneBrickCubeWritesExactEightCubedVolumeWithoutMixedAllocation" methodname="OneBrickCubeWritesExactEightCubedVolumeWithoutMixedAllocation" classname="VoxelEngine.Tests.EditMode.CanonicalBrushTests" runstate="Runnable" seed="1433104165" result="Passed" start-time="2026-08-15 09:47:19Z" end-time="2026-08-15 09:47:19Z" duration="0.000534" asserts="0">
                <properties>
                  <property name="retryIteration" value="0" />
                  <property name="repeatIteration" value="0" />
                </properties>
              </test-case>
              <test-case id="1091" name="ShapePackingKeepsThreeExtentsAndDiscriminatorIndependent" fullname="VoxelEngine.Tests.EditMode.CanonicalBrushTests.ShapePackingKeepsThreeExtentsAndDiscriminatorIndependent" methodname="ShapePackingKeepsThreeExtentsAndDiscriminatorIndependent" classname="VoxelEngine.Tests.EditMode.CanonicalBrushTests" runstate="Runnable" seed="1886255614" result="Passed" start-time="2026-08-15 09:47:19Z" end-time="2026-08-15 09:47:19Z" duration="0.000116" asserts="0">
                <properties>
                  <property name="retryIteration" value="0" />
                  <property name="repeatIteration" value="0" />
                </properties>
              </test-case>
            </test-suite>
            <test-suite type="TestFixture" id="1097" name="CanonicalBrushValidationTests" fullname="VoxelEngine.Tests.EditMode.CanonicalBrushValidationTests" classname="VoxelEngine.Tests.EditMode.CanonicalBrushValidationTests" runstate="Runnable" testcasecount="2" result="Passed" start-time="2026-08-15 09:47:19Z" end-time="2026-08-15 09:47:19Z" duration="0.001354" total="2" passed="2" failed="0" inconclusive="0" skipped="0" asserts="0">
              <properties />
              <test-case id="1098" name="LegacyRequestConstructorMapsBrushIntoCanonicalNonOverlappingShapeBits" fullname="VoxelEngine.Tests.EditMode.CanonicalBrushValidationTests.LegacyRequestConstructorMapsBrushIntoCanonicalNonOverlappingShapeBits" methodname="LegacyRequestConstructorMapsBrushIntoCanonicalNonOverlappingShapeBits" classname="VoxelEngine.Tests.EditMode.CanonicalBrushValidationTests" runstate="Runnable" seed="1843830190" result="Passed" start-time="2026-08-15 09:47:19Z" end-time="2026-08-15 09:47:19Z" duration="0.000144" asserts="0">
                <properties>
                  <property name="retryIteration" value="0" />
                  <property name="repeatIteration" value="0" />
                </properties>
              </test-case>
              <test-case id="1099" name="PlacementAttachedOnlyAtFaceCornerPassesAuthoritativeValidation" fullname="VoxelEngine.Tests.EditMode.CanonicalBrushValidationTests.PlacementAttachedOnlyAtFaceCornerPassesAuthoritativeValidation" methodname="PlacementAttachedOnlyAtFaceCornerPassesAuthoritativeValidation" classname="VoxelEngine.Tests.EditMode.CanonicalBrushValidationTests" runstate="Runnable" seed="1330389824" result="Passed" start-time="2026-08-15 09:47:19Z" end-time="2026-08-15 09:47:19Z" duration="0.000898" asserts="0">
                <properties>
                  <property name="retryIteration" value="0" />
                  <property name="repeatIteration" value="0" />
                </properties>
              </test-case>
            </test-suite>
            <test-suite type="TestFixture" id="1100" name="CastleBuilderTests" fullname="VoxelEngine.Tests.EditMode.CastleBuilderTests" classname="VoxelEngine.Tests.EditMode.CastleBuilderTests" runstate="Runnable" testcasecount="4" result="Passed" start-time="2026-08-15 09:47:19Z" end-time="2026-08-15 09:47:19Z" duration="0.084533" total="4" passed="4" failed="0" inconclusive="0" skipped="0" asserts="0">
              <properties />
              <test-case id="1104" name="BulkColumnPreservesNeighboursAndCollapsesUniformBricks" fullname="VoxelEngine.Tests.EditMode.CastleBuilderTests.BulkColumnPreservesNeighboursAndCollapsesUniformBricks" methodname="BulkColumnPreservesNeighboursAndCollapsesUniformBricks" classname="VoxelEngine.Tests.EditMode.CastleBuilderTests" runstate="Runnable" seed="1152838758" result="Passed" start-time="2026-08-15 09:47:19Z" end-time="2026-08-15 09:47:19Z" duration="0.002024" asserts="0">
                <properties>
                  <property name="retryIteration" value="0" />
                  <property name="repeatIteration" value="0" />
                </properties>
              </test-case>
              <test-case id="1101" name="PlanHeightMatchesItsFloorStack" fullname="VoxelEngine.Tests.EditMode.CastleBuilderTests.PlanHeightMatchesItsFloorStack" methodname="PlanHeightMatchesItsFloorStack" classname="VoxelEngine.Tests.EditMode.CastleBuilderTests" runstate="Runnable" seed="952393400" result="Passed" start-time="2026-08-15 09:47:19Z" end-time="2026-08-15 09:47:19Z" duration="0.000630" asserts="0">
                <properties>
                  <property name="retryIteration" value="0" />
                  <property name="repeatIteration" value="0" />
                </properties>
              </test-case>
              <test-case id="1102" name="PlanIsApproximatelyDoubleTheFormerFootprintWithoutExceedingPreflightBudget" fullname="VoxelEngine.Tests.EditMode.CastleBuilderTests.PlanIsApproximatelyDoubleTheFormerFootprintWithoutExceedingPreflightBudget" methodname="PlanIsApproximatelyDoubleTheFormerFootprintWithoutExceedingPreflightBudget" classname="VoxelEngine.Tests.EditMode.CastleBuilderTests" runstate="Runnable" seed="204842233" result="Passed" start-time="2026-08-15 09:47:19Z" end-time="2026-08-15 09:47:19Z" duration="0.000778" asserts="0">
                <properties>
                  <property name="retryIteration" value="0" />
                  <property name="repeatIteration" value="0" />
                </properties>
              </test-case>
              <test-case id="1103" name="SpiralStairUsesWalkableRisesAndMaintainsPlayerHeadroom" fullname="VoxelEngine.Tests.EditMode.CastleBuilderTests.SpiralStairUsesWalkableRisesAndMaintainsPlayerHeadroom" methodname="SpiralStairUsesWalkableRisesAndMaintainsPlayerHeadroom" classname="VoxelEngine.Tests.EditMode.CastleBuilderTests" runstate="Runnable" seed="1024658733" result="Passed" start-time="2026-08-15 09:47:19Z" end-time="2026-08-15 09:47:19Z" duration="0.080743" asserts="0">
                <properties>
                  <property name="retryIteration" value="0" />
                  <property name="repeatIteration" value="0" />
                </properties>
              </test-case>
            </test-suite>
            <test-suite type="TestFixture" id="1105" name="ChannelSetupTests" fullname="VoxelEngine.Tests.EditMode.ChannelSetupTests" classname="VoxelEngine.Tests.EditMode.ChannelSetupTests" runstate="Runnable" testcasecount="1" result="Passed" start-time="2026-08-15 09:47:19Z" end-time="2026-08-15 09:47:19Z" duration="0.005993" total="1" passed="1" failed="0" inconclusive="0" skipped="0" asserts="0">
              <properties />
              <test-case id="1106" name="PipelineHandlesRemainDistinctEvenWhenReliableStageDefinitionsMatch" fullname="VoxelEngine.Tests.EditMode.ChannelSetupTests.PipelineHandlesRemainDistinctEvenWhenReliableStageDefinitionsMatch" methodname="PipelineHandlesRemainDistinctEvenWhenReliableStageDefinitionsMatch" classname="VoxelEngine.Tests.EditMode.ChannelSetupTests" runstate="Runnable" seed="1157151797" result="Passed" start-time="2026-08-15 09:47:19Z" end-time="2026-08-15 09:47:19Z" duration="0.005658" asserts="0">
                <properties>
                  <property name="retryIteration" value="0" />
                  <property name="repeatIteration" value="0" />
                </properties>
              </test-case>
            </test-suite>
[...]
                <properties>
                  <property name="retryIteration" value="0" />
                  <property name="repeatIteration" value="0" />
                </properties>
              </test-case>
              <test-case id="1467" name="JournalConsumersHaveIndependentCursorsAndDetectOverflow" fullname="VoxelEngine.Tests.EditMode.VoxelSurfaceArchitectureTests.JournalConsumersHaveIndependentCursorsAndDetectOverflow" methodname="JournalConsumersHaveIndependentCursorsAndDetectOverflow" classname="VoxelEngine.Tests.EditMode.VoxelSurfaceArchitectureTests" runstate="Runnable" seed="461138634" result="Passed" start-time="2026-08-15 09:47:24Z" end-time="2026-08-15 09:47:24Z" duration="0.000398" asserts="0">
                <properties>
                  <property name="retryIteration" value="0" />
                  <property name="repeatIteration" value="0" />
                </properties>
              </test-case>
              <test-case id="1445" name="MasonryReconstructionPreservesCutStoneInsteadOfBlurringOccupancy" fullname="VoxelEngine.Tests.EditMode.VoxelSurfaceArchitectureTests.MasonryReconstructionPreservesCutStoneInsteadOfBlurringOccupancy" methodname="MasonryReconstructionPreservesCutStoneInsteadOfBlurringOccupancy" classname="VoxelEngine.Tests.EditMode.VoxelSurfaceArchitectureTests" runstate="Runnable" seed="1627840468" result="Passed" start-time="2026-08-15 09:47:24Z" end-time="2026-08-15 09:47:24Z" duration="0.000137" asserts="0">
                <properties>
                  <property name="retryIteration" value="0" />
                  <property name="repeatIteration" value="0" />
                </properties>
              </test-case>
              <test-case id="1457" name="MasonryWeatheringAddsMossWithoutReplacingStructuralStone" fullname="VoxelEngine.Tests.EditMode.VoxelSurfaceArchitectureTests.MasonryWeatheringAddsMossWithoutReplacingStructuralStone" methodname="MasonryWeatheringAddsMossWithoutReplacingStructuralStone" classname="VoxelEngine.Tests.EditMode.VoxelSurfaceArchitectureTests" runstate="Runnable" seed="1697621211" result="Passed" start-time="2026-08-15 09:47:24Z" end-time="2026-08-15 09:47:24Z" duration="0.001034" asserts="0">
                <properties>
                  <property name="retryIteration" value="0" />
                  <property name="repeatIteration" value="0" />
                </properties>
              </test-case>
              <test-case id="1447" name="MutatingSealedSurfaceRulesInvalidatesTheirCatalogueHash" fullname="VoxelEngine.Tests.EditMode.VoxelSurfaceArchitectureTests.MutatingSealedSurfaceRulesInvalidatesTheirCatalogueHash" methodname="MutatingSealedSurfaceRulesInvalidatesTheirCatalogueHash" classname="VoxelEngine.Tests.EditMode.VoxelSurfaceArchitectureTests" runstate="Runnable" seed="1441227392" result="Passed" start-time="2026-08-15 09:47:24Z" end-time="2026-08-15 09:47:24Z" duration="0.000152" asserts="0">
                <properties>
                  <property name="retryIteration" value="0" />
                  <property name="repeatIteration" value="0" />
                </properties>
              </test-case>
              <test-case id="1459" name="PlanarAndCurvedCellsCoexistInsideOneBrick" fullname="VoxelEngine.Tests.EditMode.VoxelSurfaceArchitectureTests.PlanarAndCurvedCellsCoexistInsideOneBrick" methodname="PlanarAndCurvedCellsCoexistInsideOneBrick" classname="VoxelEngine.Tests.EditMode.VoxelSurfaceArchitectureTests" runstate="Runnable" seed="1686065617" result="Passed" start-time="2026-08-15 09:47:24Z" end-time="2026-08-15 09:47:24Z" duration="0.000492" asserts="0">
                <properties>
                  <property name="retryIteration" value="0" />
                  <property name="repeatIteration" value="0" />
                </properties>
              </test-case>
              <test-case id="1474" name="ProductionSolidExtractorAcceptsWorldOwnedSurfaceRules" fullname="VoxelEngine.Tests.EditMode.VoxelSurfaceArchitectureTests.ProductionSolidExtractorAcceptsWorldOwnedSurfaceRules" methodname="ProductionSolidExtractorAcceptsWorldOwnedSurfaceRules" classname="VoxelEngine.Tests.EditMode.VoxelSurfaceArchitectureTests" runstate="Runnable" seed="1878447902" result="Passed" start-time="2026-08-15 09:47:24Z" end-time="2026-08-15 09:47:24Z" duration="0.001468" asserts="0">
                <properties>
                  <property name="retryIteration" value="0" />
                  <property name="repeatIteration" value="0" />
                </properties>
              </test-case>
              <test-case id="1473" name="ProfileBlocksAreIndexedOnlyIntoIntersectingChunks" fullname="VoxelEngine.Tests.EditMode.VoxelSurfaceArchitectureTests.ProfileBlocksAreIndexedOnlyIntoIntersectingChunks" methodname="ProfileBlocksAreIndexedOnlyIntoIntersectingChunks" classname="VoxelEngine.Tests.EditMode.VoxelSurfaceArchitectureTests" runstate="Runnable" seed="997086398" result="Passed" start-time="2026-08-15 09:47:24Z" end-time="2026-08-15 09:47:24Z" duration="0.001743" asserts="0">
                <properties>
                  <property name="retryIteration" value="0" />
                  <property name="repeatIteration" value="0" />
                </properties>
              </test-case>
              <test-case id="1454" name="RegionHashIncludesAuthoredBoundaryGeometry" fullname="VoxelEngine.Tests.EditMode.VoxelSurfaceArchitectureTests.RegionHashIncludesAuthoredBoundaryGeometry" methodname="RegionHashIncludesAuthoredBoundaryGeometry" classname="VoxelEngine.Tests.EditMode.VoxelSurfaceArchitectureTests" runstate="Runnable" seed="1195831653" result="Passed" start-time="2026-08-15 09:47:24Z" end-time="2026-08-15 09:47:24Z" duration="0.007766" asserts="0">
                <properties>
                  <property name="retryIteration" value="0" />
                  <property name="repeatIteration" value="0" />
                </properties>
              </test-case>
              <test-case id="1455" name="RegionHashUsesLogicalCellsRatherThanPoolAllocationIndices" fullname="VoxelEngine.Tests.EditMode.VoxelSurfaceArchitectureTests.RegionHashUsesLogicalCellsRatherThanPoolAllocationIndices" methodname="RegionHashUsesLogicalCellsRatherThanPoolAllocationIndices" classname="VoxelEngine.Tests.EditMode.VoxelSurfaceArchitectureTests" runstate="Runnable" seed="1398492819" result="Passed" start-time="2026-08-15 09:47:24Z" end-time="2026-08-15 09:47:24Z" duration="0.008074" asserts="0">
                <properties>
                  <property name="retryIteration" value="0" />
                  <property name="repeatIteration" value="0" />
                </properties>
              </test-case>
              <test-case id="1472" name="RegionInvalidationOnlyTouchesOwnerAndSamplingHalo" fullname="VoxelEngine.Tests.EditMode.VoxelSurfaceArchitectureTests.RegionInvalidationOnlyTouchesOwnerAndSamplingHalo" methodname="RegionInvalidationOnlyTouchesOwnerAndSamplingHalo" classname="VoxelEngine.Tests.EditMode.VoxelSurfaceArchitectureTests" runstate="Runnable" seed="884807105" result="Passed" start-time="2026-08-15 09:47:24Z" end-time="2026-08-15 09:47:24Z" duration="0.000292" asserts="0">
                <properties>
                  <property name="retryIteration" value="0" />
                  <property name="repeatIteration" value="0" />
                </properties>
              </test-case>
              <test-case id="1448" name="SimulationMaterialAdjacencyIsSymmetricAndSeparateFromSurfaceJoins" fullname="VoxelEngine.Tests.EditMode.VoxelSurfaceArchitectureTests.SimulationMaterialAdjacencyIsSymmetricAndSeparateFromSurfaceJoins" methodname="SimulationMaterialAdjacencyIsSymmetricAndSeparateFromSurfaceJoins" classname="VoxelEngine.Tests.EditMode.VoxelSurfaceArchitectureTests" runstate="Runnable" seed="190095091" result="Passed" start-time="2026-08-15 09:47:24Z" end-time="2026-08-15 09:47:24Z" duration="0.000122" asserts="0">
                <properties>
                  <property name="retryIteration" value="0" />
                  <property name="repeatIteration" value="0" />
                </properties>
              </test-case>
              <test-case id="1468" name="SolidInvalidationIsBoundedToChangedChunkAndRequiredHalo" fullname="VoxelEngine.Tests.EditMode.VoxelSurfaceArchitectureTests.SolidInvalidationIsBoundedToChangedChunkAndRequiredHalo" methodname="SolidInvalidationIsBoundedToChangedChunkAndRequiredHalo" classname="VoxelEngine.Tests.EditMode.VoxelSurfaceArchitectureTests" runstate="Runnable" seed="2005156108" result="Passed" start-time="2026-08-15 09:47:24Z" end-time="2026-08-15 09:47:24Z" duration="0.001522" asserts="0">
                <properties>
                  <property name="retryIteration" value="0" />
                  <property name="repeatIteration" value="0" />
                </properties>
              </test-case>
              <test-case id="1469" name="SolidWorkersPartitionEveryChunkExactlyOnce" fullname="VoxelEngine.Tests.EditMode.VoxelSurfaceArchitectureTests.SolidWorkersPartitionEveryChunkExactlyOnce" methodname="SolidWorkersPartitionEveryChunkExactlyOnce" classname="VoxelEngine.Tests.EditMode.VoxelSurfaceArchitectureTests" runstate="Runnable" seed="1924698287" result="Passed" start-time="2026-08-15 09:47:24Z" end-time="2026-08-15 09:47:24Z" duration="0.004565" asserts="0">
                <properties>
                  <property name="retryIteration" value="0" />
                  <property name="repeatIteration" value="0" />
                </properties>
              </test-case>
              <test-case id="1446" name="SurfaceCatalogueIdentityDependsOnStableIdsNotRegistrationOrder" fullname="VoxelEngine.Tests.EditMode.VoxelSurfaceArchitectureTests.SurfaceCatalogueIdentityDependsOnStableIdsNotRegistrationOrder" methodname="SurfaceCatalogueIdentityDependsOnStableIdsNotRegistrationOrder" classname="VoxelEngine.Tests.EditMode.VoxelSurfaceArchitectureTests" runstate="Runnable" seed="1320234513" result="Passed" start-time="2026-08-15 09:47:24Z" end-time="2026-08-15 09:47:24Z" duration="0.000127" asserts="0">
                <properties>
                  <property name="retryIteration" value="0" />
                  <property name="repeatIteration" value="0" />
                </properties>
              </test-case>
              <test-case id="1452" name="SurfaceDetailOperationPreservesStructureAndCoating" fullname="VoxelEngine.Tests.EditMode.VoxelSurfaceArchitectureTests.SurfaceDetailOperationPreservesStructureAndCoating" methodname="SurfaceDetailOperationPreservesStructureAndCoating" classname="VoxelEngine.Tests.EditMode.VoxelSurfaceArchitectureTests" runstate="Runnable" seed="471421542" result="Passed" start-time="2026-08-15 09:47:24Z" end-time="2026-08-15 09:47:24Z" duration="0.000637" asserts="0">
                <properties>
                  <property name="retryIteration" value="0" />
                  <property name="repeatIteration" value="0" />
                </properties>
              </test-case>
              <test-case id="1465" name="SurfaceFlagsNeverChangePrimitiveMembership" fullname="VoxelEngine.Tests.EditMode.VoxelSurfaceArchitectureTests.SurfaceFlagsNeverChangePrimitiveMembership" methodname="SurfaceFlagsNeverChangePrimitiveMembership" classname="VoxelEngine.Tests.EditMode.VoxelSurfaceArchitectureTests" runstate="Runnable" seed="857427748" result="Passed" start-time="2026-08-15 09:47:24Z" end-time="2026-08-15 09:47:24Z" duration="0.000112" asserts="0">
                <properties>
                  <property name="retryIteration" value="0" />
                  <property name="repeatIteration" value="0" />
                </properties>
              </test-case>
              <test-case id="1444" name="SurfaceJoinLookupIsSymmetricAndMissingPairsAreSharpSeams" fullname="VoxelEngine.Tests.EditMode.VoxelSurfaceArchitectureTests.SurfaceJoinLookupIsSymmetricAndMissingPairsAreSharpSeams" methodname="SurfaceJoinLookupIsSymmetricAndMissingPairsAreSharpSeams" classname="VoxelEngine.Tests.EditMode.VoxelSurfaceArchitectureTests" runstate="Runnable" seed="655933015" result="Passed" start-time="2026-08-15 09:47:24Z" end-time="2026-08-15 09:47:24Z" duration="0.000176" asserts="0">
                <properties>
                  <property name="retryIteration" value="0" />
                  <property name="repeatIteration" value="0" />
                </properties>
              </test-case>
              <test-case id="1471" name="TimingWindowClampsInvalidNegativeDurationsAndIgnoresNonFiniteValues" fullname="VoxelEngine.Tests.EditMode.VoxelSurfaceArchitectureTests.TimingWindowClampsInvalidNegativeDurationsAndIgnoresNonFiniteValues" methodname="TimingWindowClampsInvalidNegativeDurationsAndIgnoresNonFiniteValues" classname="VoxelEngine.Tests.EditMode.VoxelSurfaceArchitectureTests" runstate="Runnable" seed="1514027153" result="Passed" start-time="2026-08-15 09:47:24Z" end-time="2026-08-15 09:47:24Z" duration="0.000274" asserts="0">
                <properties>
                  <property name="retryIteration" value="0" />
                  <property name="repeatIteration" value="0" />
                </properties>
              </test-case>
              <test-case id="1470" name="TimingWindowReportsOrderedRollingPercentilesWithoutGrowing" fullname="VoxelEngine.Tests.EditMode.VoxelSurfaceArchitectureTests.TimingWindowReportsOrderedRollingPercentilesWithoutGrowing" methodname="TimingWindowReportsOrderedRollingPercentilesWithoutGrowing" classname="VoxelEngine.Tests.EditMode.VoxelSurfaceArchitectureTests" runstate="Runnable" seed="557058657" result="Passed" start-time="2026-08-15 09:47:24Z" end-time="2026-08-15 09:47:24Z" duration="0.000483" asserts="0">
                <properties>
                  <property name="retryIteration" value="0" />
                  <property name="repeatIteration" value="0" />
                </properties>
              </test-case>
              <test-case id="1458" name="UnifiedSurfaceShaderDoesNotRecognizeMaterialOrCoatingIds" fullname="VoxelEngine.Tests.EditMode.VoxelSurfaceArchitectureTests.UnifiedSurfaceShaderDoesNotRecognizeMaterialOrCoatingIds" methodname="UnifiedSurfaceShaderDoesNotRecognizeMaterialOrCoatingIds" classname="VoxelEngine.Tests.EditMode.VoxelSurfaceArchitectureTests" runstate="Runnable" seed="1786473145" result="Passed" start-time="2026-08-15 09:47:24Z" end-time="2026-08-15 09:47:24Z" duration="0.000521" asserts="0">
                <properties>
                  <property name="retryIteration" value="0" />
                  <property name="repeatIteration" value="0" />
                </properties>
              </test-case>
            </test-suite>
            <test-suite type="TestFixture" id="1475" name="WorldGenAssemblyBoundaryTests" fullname="VoxelEngine.Tests.EditMode.WorldGenAssemblyBoundaryTests" classname="VoxelEngine.Tests.EditMode.WorldGenAssemblyBoundaryTests" runstate="Runnable" testcasecount="5" result="Passed" start-time="2026-08-15 09:47:24Z" end-time="2026-08-15 09:47:24Z" duration="0.003096" total="5" passed="5" failed="0" inconclusive="0" skipped="0" asserts="0">
              <properties />
              <test-case id="1481" name="CastleVegetationPlannerReadsVoxelStateThroughStorageApi" fullname="VoxelEngine.Tests.EditMode.WorldGenAssemblyBoundaryTests.CastleVegetationPlannerReadsVoxelStateThroughStorageApi" methodname="CastleVegetationPlannerReadsVoxelStateThroughStorageApi" classname="VoxelEngine.Tests.EditMode.WorldGenAssemblyBoundaryTests" runstate="Runnable" seed="954830625" result="Passed" start-time="2026-08-15 09:47:24Z" end-time="2026-08-15 09:47:24Z" duration="0.000373" asserts="0">
                <properties>
                  <property name="retryIteration" value="0" />
                  <property name="repeatIteration" value="0" />
                </properties>
              </test-case>
              <test-suite type="ParameterizedMethod" id="1478" name="SemanticWorldGenAssembliesDoNotReferenceVoxelEngine" fullname="VoxelEngine.Tests.EditMode.WorldGenAssemblyBoundaryTests.SemanticWorldGenAssembliesDoNotReferenceVoxelEngine" classname="VoxelEngine.Tests.EditMode.WorldGenAssemblyBoundaryTests" runstate="Runnable" testcasecount="2" result="Passed" start-time="2026-08-15 09:47:24Z" end-time="2026-08-15 09:47:24Z" duration="0.000890" total="2" passed="2" failed="0" inconclusive="0" skipped="0" asserts="0">
                <properties />
                <test-case id="1476" name="SemanticWorldGenAssembliesDoNotReferenceVoxelEngine(&quot;Runtime/MountingForce.WorldGen.Core.asmdef&quot;)" fullname="VoxelEngine.Tests.EditMode.WorldGenAssemblyBoundaryTests.SemanticWorldGenAssembliesDoNotReferenceVoxelEngine(&quot;Runtime/MountingForce.WorldGen.Core.asmdef&quot;)" methodname="SemanticWorldGenAssembliesDoNotReferenceVoxelEngine" classname="VoxelEngine.Tests.EditMode.WorldGenAssemblyBoundaryTests" runstate="Runnable" seed="336762476" result="Passed" start-time="2026-08-15 09:47:24Z" end-time="2026-08-15 09:47:24Z" duration="0.000523" asserts="0">
                  <properties>
                    <property name="retryIteration" value="0" />
                    <property name="repeatIteration" value="0" />
                  </properties>
                </test-case>
                <test-case id="1477" name="SemanticWorldGenAssembliesDoNotReferenceVoxelEngine(&quot;Runtime/Architecture/MountingForce.WorldGen.Architecture.asmdef&quot;)" fullname="VoxelEngine.Tests.EditMode.WorldGenAssemblyBoundaryTests.SemanticWorldGenAssembliesDoNotReferenceVoxelEngine(&quot;Runtime/Architecture/MountingForce.WorldGen.Architecture.asmdef&quot;)" methodname="SemanticWorldGenAssembliesDoNotReferenceVoxelEngine" classname="VoxelEngine.Tests.EditMode.WorldGenAssemblyBoundaryTests" runstate="Runnable" seed="1689020186" result="Passed" start-time="2026-08-15 09:47:24Z" end-time="2026-08-15 09:47:24Z" duration="0.000144" asserts="0">
                  <properties>
                    <property name="retryIteration" value="0" />
                    <property name="repeatIteration" value="0" />
                  </properties>
                </test-case>
              </test-suite>
              <test-case id="1479" name="SemanticWorldGenSourceDoesNotImportVoxelEngine" fullname="VoxelEngine.Tests.EditMode.WorldGenAssemblyBoundaryTests.SemanticWorldGenSourceDoesNotImportVoxelEngine" methodname="SemanticWorldGenSourceDoesNotImportVoxelEngine" classname="VoxelEngine.Tests.EditMode.WorldGenAssemblyBoundaryTests" runstate="Runnable" seed="636329187" result="Passed" start-time="2026-08-15 09:47:24Z" end-time="2026-08-15 09:47:24Z" duration="0.000622" asserts="0">
                <properties>
                  <property name="retryIteration" value="0" />
                  <property name="repeatIteration" value="0" />
                </properties>
              </test-case>
              <test-case id="1480" name="VoxelAdapterDoesNotReferenceEngineRuntimeAssemblies" fullname="VoxelEngine.Tests.EditMode.WorldGenAssemblyBoundaryTests.VoxelAdapterDoesNotReferenceEngineRuntimeAssemblies" methodname="VoxelAdapterDoesNotReferenceEngineRuntimeAssemblies" classname="VoxelEngine.Tests.EditMode.WorldGenAssemblyBoundaryTests" runstate="Runnable" seed="1025051746" result="Passed" start-time="2026-08-15 09:47:24Z" end-time="2026-08-15 09:47:24Z" duration="0.000178" asserts="0">
                <properties>
                  <property name="retryIteration" value="0" />
                  <property name="repeatIteration" value="0" />
                </properties>
                <output><![CDATA[<b><color=#2EA3FF>MCP-FOR-UNITY</color></b>: [TestRunnerNoThrottle] Restored Interaction Mode after test run.
Saving results to: /Users/jlashmet/Library/Application Support/DefaultCompany/voxel/TestResults.xml
]]></output>
              </test-case>
            </test-suite>
          </test-suite>
        </test-suite>
      </test-suite>
    </test-suite>
  </test-suite>
</test-run>