<?xml version="1.0" encoding="utf-8"?>
<test-run id="2" testcasecount="1" result="Passed" total="1" passed="1" failed="0" inconclusive="0" skipped="0" asserts="0" engine-version="3.5.0.0" clr-version="4.0.30319.42000" start-time="2026-08-24 21:18:51Z" end-time="2026-08-24 21:18:51Z" duration="0.112312">
  <test-suite type="TestSuite" id="1000" name="voxel" fullname="voxel" runstate="Runnable" testcasecount="1138" result="Passed" start-time="2026-08-24 21:18:51Z" end-time="2026-08-24 21:18:51Z" duration="0.112312" total="1" passed="1" failed="0" inconclusive="0" skipped="0" asserts="0">
    <properties>
      <property name="platform" value="EditMode" />
    </properties>
    <test-suite type="Assembly" id="2458" name="VoxelEngine.Tests.EditMode.dll" fullname="/Users/jlashmet/code/voxel/Library/ScriptAssemblies/VoxelEngine.Tests.EditMode.dll" runstate="Runnable" testcasecount="807" result="Passed" start-time="2026-08-24 21:18:51Z" end-time="2026-08-24 21:18:51Z" duration="0.086934" total="1" passed="1" failed="0" inconclusive="0" skipped="0" asserts="0">
      <properties>
        <property name="_PID" value="1927" />
        <property name="_APPDOMAIN" value="Unity Child Domain" />
        <property name="platform" value="EditMode" />
        <property name="EditorOnly" value="True" />
      </properties>
      <test-suite type="TestSuite" id="2459" name="VoxelEngine" fullname="VoxelEngine" runstate="Runnable" testcasecount="807" result="Passed" start-time="2026-08-24 21:18:51Z" end-time="2026-08-24 21:18:51Z" duration="0.081572" total="1" passed="1" failed="0" inconclusive="0" skipped="0" asserts="0">
        <properties />
        <test-suite type="TestSuite" id="2460" name="Tests" fullname="VoxelEngine.Tests" runstate="Runnable" testcasecount="807" result="Passed" start-time="2026-08-24 21:18:51Z" end-time="2026-08-24 21:18:51Z" duration="0.077371" total="1" passed="1" failed="0" inconclusive="0" skipped="0" asserts="0">
          <properties />
          <test-suite type="TestSuite" id="2461" name="EditMode" fullname="VoxelEngine.Tests.EditMode" runstate="Runnable" testcasecount="807" result="Passed" start-time="2026-08-24 21:18:51Z" end-time="2026-08-24 21:18:51Z" duration="0.073832" total="1" passed="1" failed="0" inconclusive="0" skipped="0" asserts="0">
            <properties />
            <test-suite type="TestFixture" id="1938" name="KentridgeUrbanOrganizationTests" fullname="VoxelEngine.Tests.EditMode.KentridgeUrbanOrganizationTests" classname="VoxelEngine.Tests.EditMode.KentridgeUrbanOrganizationTests" runstate="Runnable" testcasecount="4" result="Passed" start-time="2026-08-24 21:18:51Z" end-time="2026-08-24 21:18:51Z" duration="0.060381" total="1" passed="1" failed="0" inconclusive="0" skipped="0" asserts="0">
              <properties />
              <test-case id="1942" name="SecondaryUrbanPlacementsRespectNamedPlotSpacing" fullname="VoxelEngine.Tests.EditMode.KentridgeUrbanOrganizationTests.SecondaryUrbanPlacementsRespectNamedPlotSpacing" methodname="SecondaryUrbanPlacementsRespectNamedPlotSpacing" classname="VoxelEngine.Tests.EditMode.KentridgeUrbanOrganizationTests" runstate="Runnable" seed="1201853638" result="Passed" start-time="2026-08-24 21:18:51Z" end-time="2026-08-24 21:18:51Z" duration="0.054863" asserts="0">
                <properties>
                  <property name="retryIteration" value="0" />
                  <property name="repeatIteration" value="0" />
                </properties>
                <output><![CDATA[<b><color=#2EA3FF>MCP-FOR-UNITY</color></b>: [TestRunnerNoThrottle] Restored Interaction Mode after test run.
Saving results to: /Users/jlashmet/Library/Application Support/DefaultCompany/voxel/TestResults.xml
]]></output>
              </test-case>
            </test-suite>
          </test-suite>
        </test-suite>
      </test-suite>
    </test-suite>
  </test-suite>
</test-run>