<?xml version="1.0" encoding="utf-8"?>
<test-run id="2" testcasecount="1" result="Passed" total="1" passed="1" failed="0" inconclusive="0" skipped="0" asserts="0" engine-version="3.5.0.0" clr-version="4.0.30319.42000" start-time="2026-08-24 21:09:42Z" end-time="2026-08-24 21:09:42Z" duration="0.1424291">
  <test-suite type="TestSuite" id="1000" name="voxel" fullname="voxel" runstate="Runnable" testcasecount="1140" result="Passed" start-time="2026-08-24 21:09:42Z" end-time="2026-08-24 21:09:42Z" duration="0.142429" total="1" passed="1" failed="0" inconclusive="0" skipped="0" asserts="0">
    <properties>
      <property name="platform" value="EditMode" />
    </properties>
    <test-suite type="Assembly" id="2460" name="VoxelEngine.Tests.EditMode.dll" fullname="/Users/jlashmet/code/voxel/Library/ScriptAssemblies/VoxelEngine.Tests.EditMode.dll" runstate="Runnable" testcasecount="809" result="Passed" start-time="2026-08-24 21:09:42Z" end-time="2026-08-24 21:09:42Z" duration="0.134371" total="1" passed="1" failed="0" inconclusive="0" skipped="0" asserts="0">
      <properties>
        <property name="_PID" value="81297" />
        <property name="_APPDOMAIN" value="Unity Child Domain" />
        <property name="platform" value="EditMode" />
        <property name="EditorOnly" value="True" />
      </properties>
      <test-suite type="TestSuite" id="2461" name="VoxelEngine" fullname="VoxelEngine" runstate="Runnable" testcasecount="809" result="Passed" start-time="2026-08-24 21:09:42Z" end-time="2026-08-24 21:09:42Z" duration="0.128385" total="1" passed="1" failed="0" inconclusive="0" skipped="0" asserts="0">
        <properties />
        <test-suite type="TestSuite" id="2462" name="Tests" fullname="VoxelEngine.Tests" runstate="Runnable" testcasecount="809" result="Passed" start-time="2026-08-24 21:09:42Z" end-time="2026-08-24 21:09:42Z" duration="0.123168" total="1" passed="1" failed="0" inconclusive="0" skipped="0" asserts="0">
          <properties />
          <test-suite type="TestSuite" id="2463" name="EditMode" fullname="VoxelEngine.Tests.EditMode" runstate="Runnable" testcasecount="809" result="Passed" start-time="2026-08-24 21:09:42Z" end-time="2026-08-24 21:09:42Z" duration="0.119443" total="1" passed="1" failed="0" inconclusive="0" skipped="0" asserts="0">
            <properties />
            <test-suite type="TestFixture" id="1874" name="KentridgeGenerationTests" fullname="VoxelEngine.Tests.EditMode.KentridgeGenerationTests" classname="VoxelEngine.Tests.EditMode.KentridgeGenerationTests" runstate="Runnable" testcasecount="12" result="Passed" start-time="2026-08-24 21:09:42Z" end-time="2026-08-24 21:09:42Z" duration="0.088043" total="1" passed="1" failed="0" inconclusive="0" skipped="0" asserts="0">
              <properties />
              <test-case id="1876" name="DiagnosticNamedStructureUrbanStageOccupancyOverlaps" fullname="VoxelEngine.Tests.EditMode.KentridgeGenerationTests.DiagnosticNamedStructureUrbanStageOccupancyOverlaps" methodname="DiagnosticNamedStructureUrbanStageOccupancyOverlaps" classname="VoxelEngine.Tests.EditMode.KentridgeGenerationTests" runstate="Runnable" seed="1025403757" result="Passed" start-time="2026-08-24 21:09:42Z" end-time="2026-08-24 21:09:42Z" duration="0.081761" asserts="0">
                <properties>
                  <property name="retryIteration" value="0" />
                  <property name="repeatIteration" value="0" />
                </properties>
                <output><![CDATA[OCCUPANCY_OVERLAP_SUMMARY named=17 secondary=13 pairs=0
<b><color=#2EA3FF>MCP-FOR-UNITY</color></b>: [TestRunnerNoThrottle] Restored Interaction Mode after test run.
Saving results to: /Users/jlashmet/Library/Application Support/DefaultCompany/voxel/TestResults.xml
]]></output>
              </test-case>
            </test-suite>
          </test-suite>
        </test-suite>
      </test-suite>
    </test-suite>
  </test-suite>
</test-run>