<?xml version="1.0" encoding="utf-8"?>
<test-run id="2" testcasecount="1" result="Failed(Child)" total="1" passed="0" failed="1" inconclusive="0" skipped="0" asserts="0" engine-version="3.5.0.0" clr-version="4.0.30319.42000" start-time="2026-08-24 19:13:24Z" end-time="2026-08-24 19:14:24Z" duration="60.3723773">
  <test-suite type="TestSuite" id="1554" name="voxel" fullname="voxel" runstate="Runnable" testcasecount="402" result="Failed" site="Child" start-time="2026-08-24 19:13:24Z" end-time="2026-08-24 19:14:24Z" duration="60.372377" total="1" passed="0" failed="1" inconclusive="0" skipped="0" asserts="0">
    <properties>
      <property name="platform" value="PlayMode" />
    </properties>
    <failure>
      <message><![CDATA[One or more child tests had errors]]></message>
    </failure>
    <test-suite type="Assembly" id="1550" name="VoxelEngine.Tests.PlayMode.dll" fullname="/Users/jlashmet/code/voxel/Library/ScriptAssemblies/VoxelEngine.Tests.PlayMode.dll" runstate="Runnable" testcasecount="165" result="Failed" site="Child" start-time="2026-08-24 19:13:24Z" end-time="2026-08-24 19:14:24Z" duration="60.366238" total="1" passed="0" failed="1" inconclusive="0" skipped="0" asserts="0">
      <properties>
        <property name="_PID" value="69681" />
        <property name="_APPDOMAIN" value="Unity Child Domain" />
        <property name="platform" value="PlayMode" />
        <property name="EditorOnly" value="False" />
      </properties>
      <failure>
        <message><![CDATA[One or more child tests had errors]]></message>
      </failure>
      <test-suite type="TestSuite" id="1551" name="VoxelEngine" fullname="VoxelEngine" runstate="Runnable" testcasecount="165" result="Failed" site="Child" start-time="2026-08-24 19:13:24Z" end-time="2026-08-24 19:14:24Z" duration="60.365186" total="1" passed="0" failed="1" inconclusive="0" skipped="0" asserts="0">
        <properties />
        <failure>
          <message><![CDATA[One or more child tests had errors]]></message>
        </failure>
        <test-suite type="TestSuite" id="1552" name="Tests" fullname="VoxelEngine.Tests" runstate="Runnable" testcasecount="165" result="Failed" site="Child" start-time="2026-08-24 19:13:24Z" end-time="2026-08-24 19:14:24Z" duration="60.364316" total="1" passed="0" failed="1" inconclusive="0" skipped="0" asserts="0">
          <properties />
          <failure>
            <message><![CDATA[One or more child tests had errors]]></message>
          </failure>
          <test-suite type="TestSuite" id="1553" name="PlayMode" fullname="VoxelEngine.Tests.PlayMode" runstate="Runnable" testcasecount="165" result="Failed" site="Child" start-time="2026-08-24 19:13:24Z" end-time="2026-08-24 19:14:24Z" duration="60.363506" total="1" passed="0" failed="1" inconclusive="0" skipped="0" asserts="0">
            <properties />
            <failure>
              <message><![CDATA[One or more child tests had errors]]></message>
            </failure>
            <test-suite type="TestFixture" id="1429" name="KentridgePubExitPlayTests" fullname="VoxelEngine.Tests.PlayMode.KentridgePubExitPlayTests" classname="VoxelEngine.Tests.PlayMode.KentridgePubExitPlayTests" runstate="Runnable" testcasecount="2" result="Failed" site="Child" start-time="2026-08-24 19:13:24Z" end-time="2026-08-24 19:14:24Z" duration="60.360021" total="1" passed="0" failed="1" inconclusive="0" skipped="0" asserts="0">
              <properties />
              <failure>
                <message><![CDATA[One or more child tests had errors]]></message>
              </failure>
              <test-case id="1431" name="ProductionCatalogueCompositionLeavesOpeningTorsoVoxelClear" fullname="VoxelEngine.Tests.PlayMode.KentridgePubExitPlayTests.ProductionCatalogueCompositionLeavesOpeningTorsoVoxelClear" methodname="ProductionCatalogueCompositionLeavesOpeningTorsoVoxelClear" classname="VoxelEngine.Tests.PlayMode.KentridgePubExitPlayTests" runstate="Runnable" seed="1669395970" result="Failed" start-time="2026-08-24 19:13:24Z" end-time="2026-08-24 19:14:24Z" duration="60.355237" asserts="0">
                <properties>
                  <property name="retryIteration" value="0" />
                  <property name="repeatIteration" value="0" />
                </properties>
                <failure>
                  <message><![CDATA[  The production two-town/corridor catalogue must not author solid occupancy inside the opening cast. KENTRIDGE_TORSO_COMPOSITION voxel=int3(1339, 231, 757) k=0 kh=6 kc=0 khc=6
  Expected: 0
  But was:  6
]]></message>
                  <stack-trace><![CDATA[at VoxelEngine.Tests.PlayMode.KentridgePubExitPlayTests.ProductionCatalogueCompositionLeavesOpeningTorsoVoxelClear () [0x001a3] in /Users/jlashmet/code/voxel/Assets/Tests/PlayMode/KentridgePubExitPlayTests.cs:266
]]></stack-trace>
                </failure>
                <output><![CDATA[KENTRIDGE_TORSO_COMPOSITION voxel=int3(1339, 231, 757) k=0 kh=6 kc=0 khc=6
<b><color=#2EA3FF>MCP-FOR-UNITY</color></b>: [TestRunnerNoThrottle] Restored Interaction Mode after test run.
Saving results to: /Users/jlashmet/Library/Application Support/DefaultCompany/voxel/TestResults.xml
]]></output>
              </test-case>
            </test-suite>
          </test-suite>
        </test-suite>
      </test-suite>
    </test-suite>
  </test-suite>
</test-run>