<?xml version="1.0" encoding="utf-8"?>
<test-run id="2" testcasecount="1" result="Passed" total="1" passed="1" failed="0" inconclusive="0" skipped="0" asserts="0" engine-version="3.5.0.0" clr-version="4.0.30319.42000" start-time="2026-08-24 21:24:15Z" end-time="2026-08-24 21:24:15Z" duration="0.0927618">
  <test-suite type="TestSuite" id="1000" name="voxel" fullname="voxel" runstate="Runnable" testcasecount="1138" result="Passed" start-time="2026-08-24 21:24:15Z" end-time="2026-08-24 21:24:15Z" duration="0.092762" total="1" passed="1" failed="0" inconclusive="0" skipped="0" asserts="0">
    <properties>
      <property name="platform" value="EditMode" />
    </properties>
    <test-suite type="Assembly" id="2458" name="VoxelEngine.Tests.EditMode.dll" fullname="/Users/jlashmet/code/voxel/Library/ScriptAssemblies/VoxelEngine.Tests.EditMode.dll" runstate="Runnable" testcasecount="807" result="Passed" start-time="2026-08-24 21:24:15Z" end-time="2026-08-24 21:24:15Z" duration="0.082494" total="1" passed="1" failed="0" inconclusive="0" skipped="0" asserts="0">
      <properties>
        <property name="_PID" value="19915" />
        <property name="_APPDOMAIN" value="Unity Child Domain" />
        <property name="platform" value="EditMode" />
        <property name="EditorOnly" value="True" />
      </properties>
      <test-suite type="TestSuite" id="2459" name="VoxelEngine" fullname="VoxelEngine" runstate="Runnable" testcasecount="807" result="Passed" start-time="2026-08-24 21:24:15Z" end-time="2026-08-24 21:24:15Z" duration="0.079443" total="1" passed="1" failed="0" inconclusive="0" skipped="0" asserts="0">
        <properties />
        <test-suite type="TestSuite" id="2460" name="Tests" fullname="VoxelEngine.Tests" runstate="Runnable" testcasecount="807" result="Passed" start-time="2026-08-24 21:24:15Z" end-time="2026-08-24 21:24:15Z" duration="0.076422" total="1" passed="1" failed="0" inconclusive="0" skipped="0" asserts="0">
          <properties />
          <test-suite type="TestSuite" id="2461" name="EditMode" fullname="VoxelEngine.Tests.EditMode" runstate="Runnable" testcasecount="807" result="Passed" start-time="2026-08-24 21:24:15Z" end-time="2026-08-24 21:24:15Z" duration="0.073474" total="1" passed="1" failed="0" inconclusive="0" skipped="0" asserts="0">
            <properties />
            <test-suite type="TestFixture" id="1908" name="KentridgeSemanticLandmarkTests" fullname="VoxelEngine.Tests.EditMode.KentridgeSemanticLandmarkTests" classname="VoxelEngine.Tests.EditMode.KentridgeSemanticLandmarkTests" runstate="Runnable" testcasecount="1" result="Passed" start-time="2026-08-24 21:24:15Z" end-time="2026-08-24 21:24:15Z" duration="0.061749" total="1" passed="1" failed="0" inconclusive="0" skipped="0" asserts="0">
              <properties />
              <test-case id="1909" name="EveryBespokeLandmarkUsesExplicitArchitectureGeometryInActiveCatalogue" fullname="VoxelEngine.Tests.EditMode.KentridgeSemanticLandmarkTests.EveryBespokeLandmarkUsesExplicitArchitectureGeometryInActiveCatalogue" methodname="EveryBespokeLandmarkUsesExplicitArchitectureGeometryInActiveCatalogue" classname="VoxelEngine.Tests.EditMode.KentridgeSemanticLandmarkTests" runstate="Runnable" seed="1122590512" result="Passed" start-time="2026-08-24 21:24:15Z" end-time="2026-08-24 21:24:15Z" duration="0.056460" asserts="0">
                <properties>
                  <property name="retryIteration" value="0" />
                  <property name="repeatIteration" value="0" />
                </properties>
                <output><![CDATA[<b><color=#2EA3FF>MCP-FOR-UNITY</color></b>: [TestRunnerNoThrottle] Restored Interaction Mode after test run.
Saving results to: /Users/jlashmet/Library/Application Support/DefaultCompany/voxel/TestResults.xml
]]></output>
              </test-case>
            </test-suite>
          </test-suite>
        </test-suite>
      </test-suite>
    </test-suite>
  </test-suite>
</test-run>