<?xml version="1.0" encoding="utf-8"?>
<test-run id="2" testcasecount="1" result="Passed" total="1" passed="1" failed="0" inconclusive="0" skipped="0" asserts="0" engine-version="3.5.0.0" clr-version="4.0.30319.42000" start-time="2026-08-24 20:14:50Z" end-time="2026-08-24 20:14:50Z" duration="0.0737635">
  <test-suite type="TestSuite" id="1000" name="voxel" fullname="voxel" runstate="Runnable" testcasecount="1137" result="Passed" start-time="2026-08-24 20:14:50Z" end-time="2026-08-24 20:14:50Z" duration="0.073764" total="1" passed="1" failed="0" inconclusive="0" skipped="0" asserts="0">
    <properties>
      <property name="platform" value="EditMode" />
    </properties>
    <test-suite type="Assembly" id="2457" name="VoxelEngine.Tests.EditMode.dll" fullname="/Users/jlashmet/code/voxel/Library/ScriptAssemblies/VoxelEngine.Tests.EditMode.dll" runstate="Runnable" testcasecount="806" result="Passed" start-time="2026-08-24 20:14:50Z" end-time="2026-08-24 20:14:50Z" duration="0.061989" total="1" passed="1" failed="0" inconclusive="0" skipped="0" asserts="0">
      <properties>
        <property name="_PID" value="1041" />
        <property name="_APPDOMAIN" value="Unity Child Domain" />
        <property name="platform" value="EditMode" />
        <property name="EditorOnly" value="True" />
      </properties>
      <test-suite type="TestSuite" id="2458" name="VoxelEngine" fullname="VoxelEngine" runstate="Runnable" testcasecount="806" result="Passed" start-time="2026-08-24 20:14:50Z" end-time="2026-08-24 20:14:50Z" duration="0.056176" total="1" passed="1" failed="0" inconclusive="0" skipped="0" asserts="0">
        <properties />
        <test-suite type="TestSuite" id="2459" name="Tests" fullname="VoxelEngine.Tests" runstate="Runnable" testcasecount="806" result="Passed" start-time="2026-08-24 20:14:50Z" end-time="2026-08-24 20:14:50Z" duration="0.050563" total="1" passed="1" failed="0" inconclusive="0" skipped="0" asserts="0">
          <properties />
          <test-suite type="TestSuite" id="2460" name="EditMode" fullname="VoxelEngine.Tests.EditMode" runstate="Runnable" testcasecount="806" result="Passed" start-time="2026-08-24 20:14:50Z" end-time="2026-08-24 20:14:50Z" duration="0.045151" total="1" passed="1" failed="0" inconclusive="0" skipped="0" asserts="0">
            <properties />
            <test-suite type="TestFixture" id="2357" name="TwoTownWorldTests" fullname="VoxelEngine.Tests.EditMode.TwoTownWorldTests" classname="VoxelEngine.Tests.EditMode.TwoTownWorldTests" runstate="Runnable" testcasecount="9" result="Passed" start-time="2026-08-24 20:14:50Z" end-time="2026-08-24 20:14:50Z" duration="0.034306" total="1" passed="1" failed="0" inconclusive="0" skipped="0" asserts="0">
              <properties />
              <test-case id="2363" name="HightownVoxelCatalogueDoesNotEmitSouthOfTheCountryMidpoint" fullname="VoxelEngine.Tests.EditMode.TwoTownWorldTests.HightownVoxelCatalogueDoesNotEmitSouthOfTheCountryMidpoint" methodname="HightownVoxelCatalogueDoesNotEmitSouthOfTheCountryMidpoint" classname="VoxelEngine.Tests.EditMode.TwoTownWorldTests" runstate="Runnable" seed="999259548" result="Passed" start-time="2026-08-24 20:14:50Z" end-time="2026-08-24 20:14:50Z" duration="0.029305" asserts="0">
                <properties>
                  <property name="retryIteration" value="0" />
                  <property name="repeatIteration" value="0" />
                </properties>
                <output><![CDATA[<b><color=#2EA3FF>MCP-FOR-UNITY</color></b>: [TestRunnerNoThrottle] Restored Interaction Mode after test run.
Saving results to: /Users/jlashmet/Library/Application Support/DefaultCompany/voxel/TestResults.xml
]]></output>
              </test-case>
            </test-suite>
          </test-suite>
        </test-suite>
      </test-suite>
    </test-suite>
  </test-suite>
</test-run>